2022-01-23T00:06:40+00:00 CRITICAL Allowed memory size of 134217728 bytes exhausted (tried to allocate 10485760 bytes) in /home/intheexp/atn.bigskyheathen.com/wp-admin/includes/template.php on line 826

2022-01-23T00:07:59+00:00 CRITICAL Allowed memory size of 134217728 bytes exhausted (tried to allocate 10485760 bytes) in /home/intheexp/atn.bigskyheathen.com/wp-admin/includes/template.php on line 542

2022-01-23T00:08:42+00:00 CRITICAL Allowed memory size of 134217728 bytes exhausted (tried to allocate 10485760 bytes) in /home/intheexp/atn.bigskyheathen.com/wp-admin/includes/template.php on line 534

2022-01-23T00:09:07+00:00 CRITICAL Allowed memory size of 134217728 bytes exhausted (tried to allocate 10485760 bytes) in /home/intheexp/atn.bigskyheathen.com/wp-admin/includes/theme.php on line 751

2022-01-23T00:09:51+00:00 CRITICAL Allowed memory size of 134217728 bytes exhausted (tried to allocate 10485760 bytes) in /home/intheexp/atn.bigskyheathen.com/wp-admin/includes/theme.php on line 336

2022-01-23T00:18:55+00:00 CRITICAL Allowed memory size of 134217728 bytes exhausted (tried to allocate 10485760 bytes) in /home/intheexp/atn.bigskyheathen.com/wp-admin/includes/template.php on line 534

2022-01-23T00:29:09+00:00 CRITICAL Allowed memory size of 134217728 bytes exhausted (tried to allocate 10485760 bytes) in /home/intheexp/atn.bigskyheathen.com/wp-admin/includes/theme.php on line 748

2022-01-23T00:40:58+00:00 CRITICAL Allowed memory size of 134217728 bytes exhausted (tried to allocate 10485760 bytes) in /home/intheexp/atn.bigskyheathen.com/wp-admin/includes/theme.php on line 627

2022-01-23T00:47:52+00:00 CRITICAL Allowed memory size of 134217728 bytes exhausted (tried to allocate 10485760 bytes) in /home/intheexp/atn.bigskyheathen.com/wp-admin/includes/theme.php on line 338

2022-01-23T00:49:59+00:00 CRITICAL Allowed memory size of 134217728 bytes exhausted (tried to allocate 10485760 bytes) in /home/intheexp/atn.bigskyheathen.com/wp-admin/includes/theme.php on line 748

2022-01-23T01:00:33+00:00 CRITICAL Allowed memory size of 134217728 bytes exhausted (tried to allocate 10485760 bytes) in /home/intheexp/atn.bigskyheathen.com/wp-admin/includes/theme.php on line 748

2022-01-23T01:00:33+00:00 CRITICAL Allowed memory size of 134217728 bytes exhausted (tried to allocate 10485760 bytes) in /home/intheexp/atn.bigskyheathen.com/wp-admin/includes/template.php on line 534

2022-01-23T01:05:46+00:00 CRITICAL Allowed memory size of 134217728 bytes exhausted (tried to allocate 10485760 bytes) in /home/intheexp/atn.bigskyheathen.com/wp-admin/includes/template.php on line 826

2022-01-23T01:11:11+00:00 CRITICAL Allowed memory size of 134217728 bytes exhausted (tried to allocate 10485760 bytes) in /home/intheexp/atn.bigskyheathen.com/wp-admin/includes/theme.php on line 740

2022-01-23T01:14:52+00:00 CRITICAL Allowed memory size of 134217728 bytes exhausted (tried to allocate 10485760 bytes) in /home/intheexp/atn.bigskyheathen.com/wp-admin/includes/template.php on line 740

2022-01-23T01:21:28+00:00 CRITICAL Allowed memory size of 134217728 bytes exhausted (tried to allocate 10485760 bytes) in /home/intheexp/atn.bigskyheathen.com/wp-admin/includes/theme.php on line 748

2022-01-23T01:32:06+00:00 CRITICAL Allowed memory size of 134217728 bytes exhausted (tried to allocate 10485760 bytes) in /home/intheexp/atn.bigskyheathen.com/wp-admin/includes/template.php on line 534

2022-01-23T01:34:53+00:00 CRITICAL Allowed memory size of 134217728 bytes exhausted (tried to allocate 10485760 bytes) in /home/intheexp/atn.bigskyheathen.com/wp-admin/includes/theme.php on line 759

2022-01-23T01:42:49+00:00 CRITICAL Allowed memory size of 134217728 bytes exhausted (tried to allocate 10485760 bytes) in /home/intheexp/atn.bigskyheathen.com/wp-admin/includes/theme.php on line 748

2022-01-23T01:46:02+00:00 CRITICAL Allowed memory size of 134217728 bytes exhausted (tried to allocate 10485760 bytes) in /home/intheexp/atn.bigskyheathen.com/wp-admin/includes/theme.php on line 772

2022-01-23T01:48:15+00:00 CRITICAL Allowed memory size of 134217728 bytes exhausted (tried to allocate 10485760 bytes) in /home/intheexp/atn.bigskyheathen.com/wp-admin/includes/template.php on line 404

2022-01-23T01:53:03+00:00 CRITICAL Allowed memory size of 134217728 bytes exhausted (tried to allocate 10485760 bytes) in /home/intheexp/atn.bigskyheathen.com/wp-admin/includes/template.php on line 534

2022-01-23T02:01:15+00:00 CRITICAL Allowed memory size of 134217728 bytes exhausted (tried to allocate 10485760 bytes) in /home/intheexp/atn.bigskyheathen.com/wp-admin/includes/theme.php on line 627

2022-01-23T02:03:36+00:00 CRITICAL Allowed memory size of 134217728 bytes exhausted (tried to allocate 10485760 bytes) in /home/intheexp/atn.bigskyheathen.com/wp-admin/includes/theme.php on line 748

2022-01-23T02:08:21+00:00 CRITICAL Allowed memory size of 134217728 bytes exhausted (tried to allocate 10485760 bytes) in /home/intheexp/atn.bigskyheathen.com/wp-admin/includes/template.php on line 826

2022-01-23T02:14:05+00:00 CRITICAL Allowed memory size of 134217728 bytes exhausted (tried to allocate 10485760 bytes) in /home/intheexp/atn.bigskyheathen.com/wp-admin/includes/theme.php on line 748

2022-01-23T02:24:38+00:00 CRITICAL Allowed memory size of 134217728 bytes exhausted (tried to allocate 10485760 bytes) in /home/intheexp/atn.bigskyheathen.com/wp-admin/includes/theme.php on line 748

2022-01-23T02:35:15+00:00 CRITICAL Allowed memory size of 134217728 bytes exhausted (tried to allocate 10485760 bytes) in /home/intheexp/atn.bigskyheathen.com/wp-admin/includes/theme.php on line 740

2022-01-23T02:45:43+00:00 CRITICAL Allowed memory size of 134217728 bytes exhausted (tried to allocate 10485760 bytes) in /home/intheexp/atn.bigskyheathen.com/wp-admin/includes/theme.php on line 748

2022-01-23T02:56:14+00:00 CRITICAL Allowed memory size of 134217728 bytes exhausted (tried to allocate 10485760 bytes) in /home/intheexp/atn.bigskyheathen.com/wp-admin/includes/template.php on line 534

2022-01-23T03:04:20+00:00 CRITICAL Allowed memory size of 134217728 bytes exhausted (tried to allocate 10485760 bytes) in /home/intheexp/atn.bigskyheathen.com/wp-admin/includes/template.php on line 826

2022-01-23T03:06:38+00:00 CRITICAL Allowed memory size of 134217728 bytes exhausted (tried to allocate 10485760 bytes) in /home/intheexp/atn.bigskyheathen.com/wp-admin/includes/theme.php on line 748

2022-01-23T03:12:16+00:00 CRITICAL Allowed memory size of 134217728 bytes exhausted (tried to allocate 10485760 bytes) in /home/intheexp/atn.bigskyheathen.com/wp-content/plugins/elementor/core/base/elements-iteration-actions/assets.php on line 13

2022-01-23T03:17:13+00:00 CRITICAL Allowed memory size of 134217728 bytes exhausted (tried to allocate 10485760 bytes) in /home/intheexp/atn.bigskyheathen.com/wp-admin/includes/template.php on line 534

2022-01-23T03:27:38+00:00 CRITICAL Allowed memory size of 134217728 bytes exhausted (tried to allocate 10485760 bytes) in /home/intheexp/atn.bigskyheathen.com/wp-admin/includes/theme.php on line 748

2022-01-23T03:38:13+00:00 CRITICAL Allowed memory size of 134217728 bytes exhausted (tried to allocate 10485760 bytes) in /home/intheexp/atn.bigskyheathen.com/wp-admin/includes/template.php on line 534

2022-01-23T03:48:48+00:00 CRITICAL Allowed memory size of 134217728 bytes exhausted (tried to allocate 10485760 bytes) in /home/intheexp/atn.bigskyheathen.com/wp-admin/includes/template.php on line 534

2022-01-23T03:59:06+00:00 CRITICAL Allowed memory size of 134217728 bytes exhausted (tried to allocate 10485760 bytes) in /home/intheexp/atn.bigskyheathen.com/wp-admin/includes/theme.php on line 748

2022-01-23T04:00:33+00:00 CRITICAL Allowed memory size of 134217728 bytes exhausted (tried to allocate 10485760 bytes) in /home/intheexp/atn.bigskyheathen.com/wp-admin/includes/template.php on line 826

2022-01-23T04:09:38+00:00 CRITICAL Allowed memory size of 134217728 bytes exhausted (tried to allocate 10485760 bytes) in /home/intheexp/atn.bigskyheathen.com/wp-admin/includes/template.php on line 534

2022-01-23T04:19:58+00:00 CRITICAL Allowed memory size of 134217728 bytes exhausted (tried to allocate 10485760 bytes) in /home/intheexp/atn.bigskyheathen.com/wp-admin/includes/theme.php on line 748

2022-01-23T04:23:57+00:00 CRITICAL Allowed memory size of 134217728 bytes exhausted (tried to allocate 10485760 bytes) in /home/intheexp/atn.bigskyheathen.com/wp-admin/includes/template.php on line 680

2022-01-23T04:30:31+00:00 CRITICAL Allowed memory size of 134217728 bytes exhausted (tried to allocate 10485760 bytes) in /home/intheexp/atn.bigskyheathen.com/wp-admin/includes/theme.php on line 748

2022-01-23T04:40:58+00:00 CRITICAL Allowed memory size of 134217728 bytes exhausted (tried to allocate 10485760 bytes) in /home/intheexp/atn.bigskyheathen.com/wp-admin/includes/template.php on line 534

2022-01-23T04:51:26+00:00 CRITICAL Allowed memory size of 134217728 bytes exhausted (tried to allocate 10485760 bytes) in /home/intheexp/atn.bigskyheathen.com/wp-admin/includes/theme.php on line 748

2022-01-23T04:52:38+00:00 CRITICAL Allowed memory size of 134217728 bytes exhausted (tried to allocate 10485760 bytes) in /home/intheexp/atn.bigskyheathen.com/wp-admin/includes/template.php on line 696

2022-01-23T05:02:06+00:00 CRITICAL Allowed memory size of 134217728 bytes exhausted (tried to allocate 10485760 bytes) in /home/intheexp/atn.bigskyheathen.com/wp-admin/includes/theme.php on line 740

2022-01-23T05:03:26+00:00 CRITICAL Allowed memory size of 134217728 bytes exhausted (tried to allocate 10485760 bytes) in /home/intheexp/atn.bigskyheathen.com/wp-admin/includes/template.php on line 826

2022-01-23T05:12:26+00:00 CRITICAL Allowed memory size of 134217728 bytes exhausted (tried to allocate 10485760 bytes) in /home/intheexp/atn.bigskyheathen.com/wp-admin/includes/template.php on line 826

2022-01-23T05:12:29+00:00 CRITICAL Allowed memory size of 134217728 bytes exhausted (tried to allocate 10485760 bytes) in /home/intheexp/atn.bigskyheathen.com/wp-admin/includes/template.php on line 534

2022-01-23T05:22:56+00:00 CRITICAL Allowed memory size of 134217728 bytes exhausted (tried to allocate 10485760 bytes) in /home/intheexp/atn.bigskyheathen.com/wp-admin/includes/template.php on line 534

2022-01-23T05:31:51+00:00 CRITICAL Allowed memory size of 134217728 bytes exhausted (tried to allocate 10485760 bytes) in /home/intheexp/atn.bigskyheathen.com/wp-admin/includes/template.php on line 542

2022-01-23T05:31:51+00:00 CRITICAL Allowed memory size of 134217728 bytes exhausted (tried to allocate 10485760 bytes) in /home/intheexp/atn.bigskyheathen.com/wp-admin/includes/template.php on line 542

2022-01-23T05:31:51+00:00 CRITICAL Allowed memory size of 134217728 bytes exhausted (tried to allocate 10485760 bytes) in /home/intheexp/atn.bigskyheathen.com/wp-admin/includes/template.php on line 542

2022-01-23T05:33:41+00:00 CRITICAL Allowed memory size of 134217728 bytes exhausted (tried to allocate 10485760 bytes) in /home/intheexp/atn.bigskyheathen.com/wp-admin/includes/theme.php on line 748

2022-01-23T05:34:36+00:00 CRITICAL Allowed memory size of 134217728 bytes exhausted (tried to allocate 10485760 bytes) in /home/intheexp/atn.bigskyheathen.com/wp-admin/includes/theme.php on line 627

2022-01-23T05:44:00+00:00 CRITICAL Allowed memory size of 134217728 bytes exhausted (tried to allocate 10485760 bytes) in /home/intheexp/atn.bigskyheathen.com/wp-admin/includes/theme.php on line 748

2022-01-23T05:54:17+00:00 CRITICAL Allowed memory size of 134217728 bytes exhausted (tried to allocate 10485760 bytes) in /home/intheexp/atn.bigskyheathen.com/wp-admin/includes/theme.php on line 748

2022-01-23T05:56:35+00:00 CRITICAL Allowed memory size of 134217728 bytes exhausted (tried to allocate 10485760 bytes) in /home/intheexp/atn.bigskyheathen.com/wp-admin/includes/template.php on line 240

2022-01-23T06:04:47+00:00 CRITICAL Allowed memory size of 134217728 bytes exhausted (tried to allocate 10485760 bytes) in /home/intheexp/atn.bigskyheathen.com/wp-admin/includes/template.php on line 534

2022-01-23T06:11:36+00:00 CRITICAL Allowed memory size of 134217728 bytes exhausted (tried to allocate 10485760 bytes) in /home/intheexp/atn.bigskyheathen.com/wp-admin/includes/template.php on line 826

2022-01-23T06:15:18+00:00 CRITICAL Allowed memory size of 134217728 bytes exhausted (tried to allocate 10485760 bytes) in /home/intheexp/atn.bigskyheathen.com/wp-admin/includes/template.php on line 534

2022-01-23T06:17:15+00:00 CRITICAL Allowed memory size of 134217728 bytes exhausted (tried to allocate 10485760 bytes) in /home/intheexp/atn.bigskyheathen.com/wp-admin/includes/template.php on line 652

2022-01-23T06:18:26+00:00 CRITICAL Allowed memory size of 134217728 bytes exhausted (tried to allocate 10485760 bytes) in /home/intheexp/atn.bigskyheathen.com/wp-admin/includes/template.php on line 360

2022-01-23T06:23:19+00:00 CRITICAL Allowed memory size of 134217728 bytes exhausted (tried to allocate 10485760 bytes) in /home/intheexp/atn.bigskyheathen.com/wp-admin/includes/template.php on line 680

2022-01-23T06:25:38+00:00 CRITICAL Allowed memory size of 134217728 bytes exhausted (tried to allocate 10485760 bytes) in /home/intheexp/atn.bigskyheathen.com/wp-admin/includes/theme.php on line 748

2022-01-23T06:35:39+00:00 CRITICAL Allowed memory size of 134217728 bytes exhausted (tried to allocate 10485760 bytes) in /home/intheexp/atn.bigskyheathen.com/wp-admin/includes/theme.php on line 1027

2022-01-23T06:36:08+00:00 CRITICAL Allowed memory size of 134217728 bytes exhausted (tried to allocate 10485760 bytes) in /home/intheexp/atn.bigskyheathen.com/wp-admin/includes/template.php on line 534

2022-01-23T06:46:37+00:00 CRITICAL Allowed memory size of 134217728 bytes exhausted (tried to allocate 10485760 bytes) in /home/intheexp/atn.bigskyheathen.com/wp-admin/includes/template.php on line 534

2022-01-23T06:57:14+00:00 CRITICAL Allowed memory size of 134217728 bytes exhausted (tried to allocate 10485760 bytes) in /home/intheexp/atn.bigskyheathen.com/wp-admin/includes/template.php on line 534

2022-01-23T07:06:34+00:00 CRITICAL Allowed memory size of 134217728 bytes exhausted (tried to allocate 10485760 bytes) in /home/intheexp/atn.bigskyheathen.com/wp-admin/includes/template.php on line 826

2022-01-23T07:07:43+00:00 CRITICAL Allowed memory size of 134217728 bytes exhausted (tried to allocate 10485760 bytes) in /home/intheexp/atn.bigskyheathen.com/wp-admin/includes/theme.php on line 748

2022-01-23T07:18:16+00:00 CRITICAL Allowed memory size of 134217728 bytes exhausted (tried to allocate 10485760 bytes) in /home/intheexp/atn.bigskyheathen.com/wp-admin/includes/template.php on line 534

2022-01-23T07:28:45+00:00 CRITICAL Allowed memory size of 134217728 bytes exhausted (tried to allocate 10485760 bytes) in /home/intheexp/atn.bigskyheathen.com/wp-admin/includes/theme.php on line 748

2022-01-23T07:39:13+00:00 CRITICAL Allowed memory size of 134217728 bytes exhausted (tried to allocate 10485760 bytes) in /home/intheexp/atn.bigskyheathen.com/wp-admin/includes/theme.php on line 748

2022-01-23T07:49:54+00:00 CRITICAL Allowed memory size of 134217728 bytes exhausted (tried to allocate 10485760 bytes) in /home/intheexp/atn.bigskyheathen.com/wp-admin/includes/template.php on line 534

2022-01-23T07:55:44+00:00 CRITICAL Allowed memory size of 134217728 bytes exhausted (tried to allocate 10485760 bytes) in /home/intheexp/atn.bigskyheathen.com/wp-admin/includes/theme.php on line 329

2022-01-23T07:59:52+00:00 CRITICAL Allowed memory size of 134217728 bytes exhausted (tried to allocate 10485760 bytes) in /home/intheexp/atn.bigskyheathen.com/wp-admin/includes/template.php on line 826

2022-01-23T08:00:28+00:00 CRITICAL Allowed memory size of 134217728 bytes exhausted (tried to allocate 10485760 bytes) in /home/intheexp/atn.bigskyheathen.com/wp-admin/includes/template.php on line 534

2022-01-23T08:11:04+00:00 CRITICAL Allowed memory size of 134217728 bytes exhausted (tried to allocate 10485760 bytes) in /home/intheexp/atn.bigskyheathen.com/wp-admin/includes/theme.php on line 748

2022-01-23T08:21:37+00:00 CRITICAL Allowed memory size of 134217728 bytes exhausted (tried to allocate 10485760 bytes) in /home/intheexp/atn.bigskyheathen.com/wp-admin/includes/theme.php on line 748

2022-01-23T08:32:25+00:00 CRITICAL Allowed memory size of 134217728 bytes exhausted (tried to allocate 10485760 bytes) in /home/intheexp/atn.bigskyheathen.com/wp-admin/includes/template.php on line 534

2022-01-23T08:36:08+00:00 CRITICAL Allowed memory size of 134217728 bytes exhausted (tried to allocate 10485760 bytes) in /home/intheexp/atn.bigskyheathen.com/wp-admin/includes/theme.php on line 337

2022-01-23T08:43:01+00:00 CRITICAL Allowed memory size of 134217728 bytes exhausted (tried to allocate 10485760 bytes) in /home/intheexp/atn.bigskyheathen.com/wp-admin/includes/template.php on line 534

2022-01-23T08:45:23+00:00 CRITICAL Allowed memory size of 134217728 bytes exhausted (tried to allocate 10485760 bytes) in /home/intheexp/atn.bigskyheathen.com/wp-admin/includes/template.php on line 360

2022-01-23T08:51:17+00:00 CRITICAL Allowed memory size of 134217728 bytes exhausted (tried to allocate 10485760 bytes) in /home/intheexp/atn.bigskyheathen.com/wp-admin/includes/template.php on line 826

2022-01-23T08:51:42+00:00 CRITICAL Allowed memory size of 134217728 bytes exhausted (tried to allocate 10485760 bytes) in /home/intheexp/atn.bigskyheathen.com/wp-admin/includes/template.php on line 2029

2022-01-23T08:53:42+00:00 CRITICAL Allowed memory size of 134217728 bytes exhausted (tried to allocate 10485760 bytes) in /home/intheexp/atn.bigskyheathen.com/wp-admin/includes/theme.php on line 748

2022-01-23T09:02:20+00:00 CRITICAL Allowed memory size of 134217728 bytes exhausted (tried to allocate 10485760 bytes) in /home/intheexp/atn.bigskyheathen.com/wp-admin/includes/template.php on line 743

2022-01-23T09:04:19+00:00 CRITICAL Allowed memory size of 134217728 bytes exhausted (tried to allocate 10485760 bytes) in /home/intheexp/atn.bigskyheathen.com/wp-admin/includes/theme.php on line 748

2022-01-23T09:24:10+00:00 CRITICAL Allowed memory size of 134217728 bytes exhausted (tried to allocate 10485760 bytes) in /home/intheexp/atn.bigskyheathen.com/wp-admin/includes/template.php on line 534

2022-01-23T09:34:48+00:00 CRITICAL Allowed memory size of 134217728 bytes exhausted (tried to allocate 10485760 bytes) in /home/intheexp/atn.bigskyheathen.com/wp-admin/includes/theme.php on line 748

2022-01-23T09:45:32+00:00 CRITICAL Allowed memory size of 134217728 bytes exhausted (tried to allocate 10485760 bytes) in /home/intheexp/atn.bigskyheathen.com/wp-admin/includes/template.php on line 534

2022-01-23T09:48:29+00:00 CRITICAL Allowed memory size of 134217728 bytes exhausted (tried to allocate 10485760 bytes) in /home/intheexp/atn.bigskyheathen.com/wp-admin/includes/template.php on line 826

2022-01-23T09:48:55+00:00 CRITICAL Allowed memory size of 134217728 bytes exhausted (tried to allocate 10485760 bytes) in /home/intheexp/atn.bigskyheathen.com/wp-admin/includes/template.php on line 1932

2022-01-23T09:54:54+00:00 CRITICAL Allowed memory size of 134217728 bytes exhausted (tried to allocate 10485760 bytes) in /home/intheexp/atn.bigskyheathen.com/wp-admin/includes/theme.php on line 344

2022-01-23T10:01:21+00:00 CRITICAL Allowed memory size of 134217728 bytes exhausted (tried to allocate 10485760 bytes) in /home/intheexp/atn.bigskyheathen.com/wp-admin/includes/template.php on line 826

2022-01-23T10:05:35+00:00 CRITICAL Allowed memory size of 134217728 bytes exhausted (tried to allocate 10485760 bytes) in /home/intheexp/atn.bigskyheathen.com/wp-admin/includes/theme.php on line 748

2022-01-23T10:16:17+00:00 CRITICAL Allowed memory size of 134217728 bytes exhausted (tried to allocate 10485760 bytes) in /home/intheexp/atn.bigskyheathen.com/wp-admin/includes/template.php on line 534

2022-01-23T10:23:06+00:00 CRITICAL Allowed memory size of 134217728 bytes exhausted (tried to allocate 10485760 bytes) in /home/intheexp/atn.bigskyheathen.com/wp-admin/includes/template.php on line 745

2022-01-23T10:26:54+00:00 CRITICAL Allowed memory size of 134217728 bytes exhausted (tried to allocate 10485760 bytes) in /home/intheexp/atn.bigskyheathen.com/wp-admin/includes/template.php on line 534

2022-01-23T10:37:24+00:00 CRITICAL Allowed memory size of 134217728 bytes exhausted (tried to allocate 10485760 bytes) in /home/intheexp/atn.bigskyheathen.com/wp-admin/includes/theme.php on line 748

2022-01-23T10:48:07+00:00 CRITICAL Allowed memory size of 134217728 bytes exhausted (tried to allocate 10485760 bytes) in /home/intheexp/atn.bigskyheathen.com/wp-admin/includes/theme.php on line 751

2022-01-23T10:48:17+00:00 CRITICAL Allowed memory size of 134217728 bytes exhausted (tried to allocate 10485760 bytes) in /home/intheexp/atn.bigskyheathen.com/wp-admin/includes/template.php on line 2033

2022-01-23T10:54:02+00:00 CRITICAL Allowed memory size of 134217728 bytes exhausted (tried to allocate 10485760 bytes) in /home/intheexp/atn.bigskyheathen.com/wp-content/plugins/woocommerce/includes/class-wc-breadcrumb.php on line 78

2022-01-23T10:58:37+00:00 CRITICAL Allowed memory size of 134217728 bytes exhausted (tried to allocate 10485760 bytes) in /home/intheexp/atn.bigskyheathen.com/wp-admin/includes/template.php on line 536

2022-01-23T11:04:18+00:00 CRITICAL Allowed memory size of 134217728 bytes exhausted (tried to allocate 10485760 bytes) in /home/intheexp/atn.bigskyheathen.com/wp-admin/includes/theme.php on line 325

2022-01-23T11:04:21+00:00 CRITICAL Allowed memory size of 134217728 bytes exhausted (tried to allocate 10485760 bytes) in /home/intheexp/atn.bigskyheathen.com/wp-admin/includes/theme.php on line 325

2022-01-23T11:04:28+00:00 CRITICAL Allowed memory size of 134217728 bytes exhausted (tried to allocate 10485760 bytes) in /home/intheexp/atn.bigskyheathen.com/wp-admin/includes/theme.php on line 325

2022-01-23T11:04:31+00:00 CRITICAL Allowed memory size of 134217728 bytes exhausted (tried to allocate 10485760 bytes) in /home/intheexp/atn.bigskyheathen.com/wp-admin/includes/theme.php on line 325

2022-01-23T11:04:34+00:00 CRITICAL Allowed memory size of 134217728 bytes exhausted (tried to allocate 10485760 bytes) in /home/intheexp/atn.bigskyheathen.com/wp-admin/includes/theme.php on line 325

2022-01-23T11:04:37+00:00 CRITICAL Allowed memory size of 134217728 bytes exhausted (tried to allocate 10485760 bytes) in /home/intheexp/atn.bigskyheathen.com/wp-admin/includes/theme.php on line 325

2022-01-23T11:04:40+00:00 CRITICAL Allowed memory size of 134217728 bytes exhausted (tried to allocate 10485760 bytes) in /home/intheexp/atn.bigskyheathen.com/wp-admin/includes/theme.php on line 325

2022-01-23T11:04:43+00:00 CRITICAL Allowed memory size of 134217728 bytes exhausted (tried to allocate 10485760 bytes) in /home/intheexp/atn.bigskyheathen.com/wp-admin/includes/theme.php on line 325

2022-01-23T11:04:46+00:00 CRITICAL Allowed memory size of 134217728 bytes exhausted (tried to allocate 10485760 bytes) in /home/intheexp/atn.bigskyheathen.com/wp-admin/includes/theme.php on line 325

2022-01-23T11:04:48+00:00 CRITICAL Allowed memory size of 134217728 bytes exhausted (tried to allocate 10485760 bytes) in /home/intheexp/atn.bigskyheathen.com/wp-admin/includes/theme.php on line 325

2022-01-23T11:04:51+00:00 CRITICAL Allowed memory size of 134217728 bytes exhausted (tried to allocate 10485760 bytes) in /home/intheexp/atn.bigskyheathen.com/wp-admin/includes/theme.php on line 325

2022-01-23T11:04:54+00:00 CRITICAL Allowed memory size of 134217728 bytes exhausted (tried to allocate 10485760 bytes) in /home/intheexp/atn.bigskyheathen.com/wp-admin/includes/theme.php on line 325

2022-01-23T11:04:57+00:00 CRITICAL Allowed memory size of 134217728 bytes exhausted (tried to allocate 10485760 bytes) in /home/intheexp/atn.bigskyheathen.com/wp-admin/includes/theme.php on line 325

2022-01-23T11:05:00+00:00 CRITICAL Allowed memory size of 134217728 bytes exhausted (tried to allocate 10485760 bytes) in /home/intheexp/atn.bigskyheathen.com/wp-admin/includes/theme.php on line 325

2022-01-23T11:05:10+00:00 CRITICAL Allowed memory size of 134217728 bytes exhausted (tried to allocate 10485760 bytes) in /home/intheexp/atn.bigskyheathen.com/wp-admin/includes/theme.php on line 325

2022-01-23T11:05:14+00:00 CRITICAL Allowed memory size of 134217728 bytes exhausted (tried to allocate 10485760 bytes) in /home/intheexp/atn.bigskyheathen.com/wp-admin/includes/theme.php on line 325

2022-01-23T11:09:10+00:00 CRITICAL Allowed memory size of 134217728 bytes exhausted (tried to allocate 10485760 bytes) in /home/intheexp/atn.bigskyheathen.com/wp-admin/includes/theme.php on line 751

2022-01-23T11:19:52+00:00 CRITICAL Allowed memory size of 134217728 bytes exhausted (tried to allocate 10485760 bytes) in /home/intheexp/atn.bigskyheathen.com/wp-admin/includes/theme.php on line 751

2022-01-23T11:25:01+00:00 CRITICAL Allowed memory size of 134217728 bytes exhausted (tried to allocate 10485760 bytes) in /home/intheexp/atn.bigskyheathen.com/wp-content/plugins/woocommerce/includes/class-wc-breadcrumb.php on line 21

2022-01-23T11:30:25+00:00 CRITICAL Allowed memory size of 134217728 bytes exhausted (tried to allocate 10485760 bytes) in /home/intheexp/atn.bigskyheathen.com/wp-admin/includes/theme.php on line 751

2022-01-23T11:38:15+00:00 CRITICAL Allowed memory size of 134217728 bytes exhausted (tried to allocate 10485760 bytes) in /home/intheexp/atn.bigskyheathen.com/wp-admin/includes/template.php on line 745

2022-01-23T11:41:02+00:00 CRITICAL Allowed memory size of 134217728 bytes exhausted (tried to allocate 10485760 bytes) in /home/intheexp/atn.bigskyheathen.com/wp-admin/includes/template.php on line 536

2022-01-23T11:42:25+00:00 CRITICAL Allowed memory size of 134217728 bytes exhausted (tried to allocate 10485760 bytes) in /home/intheexp/atn.bigskyheathen.com/wp-admin/includes/template.php on line 826

2022-01-23T11:51:36+00:00 CRITICAL Allowed memory size of 134217728 bytes exhausted (tried to allocate 10485760 bytes) in /home/intheexp/atn.bigskyheathen.com/wp-admin/includes/theme.php on line 751

2022-01-23T12:02:24+00:00 CRITICAL Allowed memory size of 134217728 bytes exhausted (tried to allocate 10485760 bytes) in /home/intheexp/atn.bigskyheathen.com/wp-admin/includes/theme.php on line 748

2022-01-23T12:12:55+00:00 CRITICAL Allowed memory size of 134217728 bytes exhausted (tried to allocate 10485760 bytes) in /home/intheexp/atn.bigskyheathen.com/wp-admin/includes/theme.php on line 751

2022-01-23T12:21:22+00:00 CRITICAL Allowed memory size of 134217728 bytes exhausted (tried to allocate 10485760 bytes) in /home/intheexp/atn.bigskyheathen.com/wp-admin/includes/template.php on line 365

2022-01-23T12:23:32+00:00 CRITICAL Allowed memory size of 134217728 bytes exhausted (tried to allocate 10485760 bytes) in /home/intheexp/atn.bigskyheathen.com/wp-admin/includes/template.php on line 534

2022-01-23T12:34:07+00:00 CRITICAL Allowed memory size of 134217728 bytes exhausted (tried to allocate 10485760 bytes) in /home/intheexp/atn.bigskyheathen.com/wp-admin/includes/theme.php on line 748

2022-01-23T12:44:40+00:00 CRITICAL Allowed memory size of 134217728 bytes exhausted (tried to allocate 10485760 bytes) in /home/intheexp/atn.bigskyheathen.com/wp-admin/includes/theme.php on line 751

2022-01-23T12:45:24+00:00 CRITICAL Allowed memory size of 134217728 bytes exhausted (tried to allocate 10485760 bytes) in /home/intheexp/atn.bigskyheathen.com/wp-admin/includes/template.php on line 826

2022-01-23T12:55:25+00:00 CRITICAL Allowed memory size of 134217728 bytes exhausted (tried to allocate 10485760 bytes) in /home/intheexp/atn.bigskyheathen.com/wp-admin/includes/template.php on line 534

2022-01-23T13:05:37+00:00 CRITICAL Allowed memory size of 134217728 bytes exhausted (tried to allocate 10485760 bytes) in /home/intheexp/atn.bigskyheathen.com/wp-admin/includes/theme.php on line 751

2022-01-23T13:10:51+00:00 CRITICAL Allowed memory size of 134217728 bytes exhausted (tried to allocate 10485760 bytes) in /home/intheexp/atn.bigskyheathen.com/wp-content/plugins/elementor/core/responsive/responsive.php on line 129

2022-01-23T13:15:49+00:00 CRITICAL Allowed memory size of 134217728 bytes exhausted (tried to allocate 10485760 bytes) in /home/intheexp/atn.bigskyheathen.com/wp-admin/includes/theme.php on line 751

2022-01-23T13:16:11+00:00 CRITICAL Allowed memory size of 134217728 bytes exhausted (tried to allocate 10485760 bytes) in /home/intheexp/atn.bigskyheathen.com/wp-admin/includes/template.php on line 743

2022-01-23T13:22:06+00:00 CRITICAL Allowed memory size of 134217728 bytes exhausted (tried to allocate 10485760 bytes) in /home/intheexp/atn.bigskyheathen.com/wp-admin/includes/theme.php on line 338

2022-01-23T13:26:06+00:00 CRITICAL Allowed memory size of 134217728 bytes exhausted (tried to allocate 10485760 bytes) in /home/intheexp/atn.bigskyheathen.com/wp-admin/includes/theme.php on line 748

2022-01-23T13:36:20+00:00 CRITICAL Allowed memory size of 134217728 bytes exhausted (tried to allocate 10485760 bytes) in /home/intheexp/atn.bigskyheathen.com/wp-admin/includes/template.php on line 534

2022-01-23T13:37:02+00:00 CRITICAL Allowed memory size of 134217728 bytes exhausted (tried to allocate 10485760 bytes) in /home/intheexp/atn.bigskyheathen.com/wp-admin/includes/theme.php on line 640

2022-01-23T13:45:03+00:00 CRITICAL Allowed memory size of 134217728 bytes exhausted (tried to allocate 10485760 bytes) in /home/intheexp/atn.bigskyheathen.com/wp-admin/includes/template.php on line 826

2022-01-23T13:46:38+00:00 CRITICAL Allowed memory size of 134217728 bytes exhausted (tried to allocate 10485760 bytes) in /home/intheexp/atn.bigskyheathen.com/wp-admin/includes/theme.php on line 751

2022-01-23T14:03:19+00:00 CRITICAL Allowed memory size of 134217728 bytes exhausted (tried to allocate 10485760 bytes) in /home/intheexp/atn.bigskyheathen.com/wp-admin/includes/theme.php on line 751

2022-01-23T14:13:02+00:00 CRITICAL Allowed memory size of 134217728 bytes exhausted (tried to allocate 10485760 bytes) in /home/intheexp/atn.bigskyheathen.com/wp-admin/includes/theme.php on line 655

2022-01-23T14:13:04+00:00 CRITICAL Allowed memory size of 134217728 bytes exhausted (tried to allocate 10485760 bytes) in /home/intheexp/atn.bigskyheathen.com/wp-admin/includes/template.php on line 495

2022-01-23T14:13:06+00:00 CRITICAL Allowed memory size of 134217728 bytes exhausted (tried to allocate 10485760 bytes) in /home/intheexp/atn.bigskyheathen.com/wp-admin/includes/theme.php on line 655

2022-01-23T14:13:06+00:00 CRITICAL Allowed memory size of 134217728 bytes exhausted (tried to allocate 10485760 bytes) in /home/intheexp/atn.bigskyheathen.com/wp-admin/includes/template.php on line 495

2022-01-23T14:13:07+00:00 CRITICAL Allowed memory size of 134217728 bytes exhausted (tried to allocate 10485760 bytes) in /home/intheexp/atn.bigskyheathen.com/wp-admin/includes/template.php on line 495

2022-01-23T14:13:08+00:00 CRITICAL Allowed memory size of 134217728 bytes exhausted (tried to allocate 10485760 bytes) in /home/intheexp/atn.bigskyheathen.com/wp-admin/includes/template.php on line 495

2022-01-23T14:13:11+00:00 CRITICAL Allowed memory size of 134217728 bytes exhausted (tried to allocate 10485760 bytes) in /home/intheexp/atn.bigskyheathen.com/wp-admin/includes/template.php on line 495

2022-01-23T14:13:55+00:00 CRITICAL Allowed memory size of 134217728 bytes exhausted (tried to allocate 10485760 bytes) in /home/intheexp/atn.bigskyheathen.com/wp-admin/includes/template.php on line 534

2022-01-23T14:24:32+00:00 CRITICAL Allowed memory size of 134217728 bytes exhausted (tried to allocate 10485760 bytes) in /home/intheexp/atn.bigskyheathen.com/wp-admin/includes/theme.php on line 751

2022-01-23T14:33:05+00:00 CRITICAL Allowed memory size of 134217728 bytes exhausted (tried to allocate 10485760 bytes) in /home/intheexp/atn.bigskyheathen.com/wp-admin/includes/template.php on line 743

2022-01-23T14:34:53+00:00 CRITICAL Allowed memory size of 134217728 bytes exhausted (tried to allocate 10485760 bytes) in /home/intheexp/atn.bigskyheathen.com/wp-admin/includes/theme.php on line 751

2022-01-23T14:39:54+00:00 CRITICAL Allowed memory size of 134217728 bytes exhausted (tried to allocate 10485760 bytes) in /home/intheexp/atn.bigskyheathen.com/wp-admin/includes/template.php on line 826

2022-01-23T14:45:30+00:00 CRITICAL Allowed memory size of 134217728 bytes exhausted (tried to allocate 10485760 bytes) in /home/intheexp/atn.bigskyheathen.com/wp-admin/includes/theme.php on line 751

2022-01-23T14:55:59+00:00 CRITICAL Allowed memory size of 134217728 bytes exhausted (tried to allocate 10485760 bytes) in /home/intheexp/atn.bigskyheathen.com/wp-admin/includes/template.php on line 534

2022-01-23T15:06:32+00:00 CRITICAL Allowed memory size of 134217728 bytes exhausted (tried to allocate 10485760 bytes) in /home/intheexp/atn.bigskyheathen.com/wp-admin/includes/theme.php on line 751

2022-01-23T15:08:33+00:00 CRITICAL Allowed memory size of 134217728 bytes exhausted (tried to allocate 10485760 bytes) in /home/intheexp/atn.bigskyheathen.com/wp-admin/includes/theme.php on line 327

2022-01-23T15:17:03+00:00 CRITICAL Allowed memory size of 134217728 bytes exhausted (tried to allocate 10485760 bytes) in /home/intheexp/atn.bigskyheathen.com/wp-admin/includes/theme.php on line 751

2022-01-23T15:27:36+00:00 CRITICAL Allowed memory size of 134217728 bytes exhausted (tried to allocate 10485760 bytes) in /home/intheexp/atn.bigskyheathen.com/wp-admin/includes/template.php on line 534

2022-01-23T15:38:12+00:00 CRITICAL Allowed memory size of 134217728 bytes exhausted (tried to allocate 10485760 bytes) in /home/intheexp/atn.bigskyheathen.com/wp-admin/includes/theme.php on line 751

2022-01-23T15:42:07+00:00 CRITICAL Allowed memory size of 134217728 bytes exhausted (tried to allocate 10485760 bytes) in /home/intheexp/atn.bigskyheathen.com/wp-admin/includes/template.php on line 826

2022-01-23T15:48:44+00:00 CRITICAL Allowed memory size of 134217728 bytes exhausted (tried to allocate 10485760 bytes) in /home/intheexp/atn.bigskyheathen.com/wp-admin/includes/theme.php on line 751

2022-01-23T15:59:16+00:00 CRITICAL Allowed memory size of 134217728 bytes exhausted (tried to allocate 10485760 bytes) in /home/intheexp/atn.bigskyheathen.com/wp-admin/includes/theme.php on line 751

2022-01-23T16:01:39+00:00 CRITICAL Allowed memory size of 134217728 bytes exhausted (tried to allocate 10485760 bytes) in /home/intheexp/atn.bigskyheathen.com/wp-admin/includes/theme.php on line 249

2022-01-23T16:02:12+00:00 CRITICAL Allowed memory size of 134217728 bytes exhausted (tried to allocate 10485760 bytes) in /home/intheexp/atn.bigskyheathen.com/wp-admin/includes/theme.php on line 260

2022-01-23T16:09:47+00:00 CRITICAL Allowed memory size of 134217728 bytes exhausted (tried to allocate 10485760 bytes) in /home/intheexp/atn.bigskyheathen.com/wp-admin/includes/template.php on line 534

2022-01-23T16:10:08+00:00 CRITICAL Allowed memory size of 134217728 bytes exhausted (tried to allocate 10485760 bytes) in /home/intheexp/atn.bigskyheathen.com/wp-admin/includes/template.php on line 826

2022-01-23T16:17:55+00:00 CRITICAL Allowed memory size of 134217728 bytes exhausted (tried to allocate 10485760 bytes) in /home/intheexp/atn.bigskyheathen.com/wp-admin/includes/template.php on line 652

2022-01-23T16:20:05+00:00 CRITICAL Allowed memory size of 134217728 bytes exhausted (tried to allocate 10485760 bytes) in /home/intheexp/atn.bigskyheathen.com/wp-admin/includes/theme.php on line 751

2022-01-23T16:30:26+00:00 CRITICAL Allowed memory size of 134217728 bytes exhausted (tried to allocate 10485760 bytes) in /home/intheexp/atn.bigskyheathen.com/wp-admin/includes/theme.php on line 751

2022-01-23T16:38:01+00:00 CRITICAL Allowed memory size of 134217728 bytes exhausted (tried to allocate 10485760 bytes) in /home/intheexp/atn.bigskyheathen.com/wp-admin/includes/template.php on line 2033

2022-01-23T16:40:55+00:00 CRITICAL Allowed memory size of 134217728 bytes exhausted (tried to allocate 10485760 bytes) in /home/intheexp/atn.bigskyheathen.com/wp-admin/includes/template.php on line 534

2022-01-23T16:48:36+00:00 CRITICAL Allowed memory size of 134217728 bytes exhausted (tried to allocate 10485760 bytes) in /home/intheexp/atn.bigskyheathen.com/wp-content/plugins/woocommerce/includes/class-wc-breadcrumb.php on line 21

2022-01-23T16:51:12+00:00 CRITICAL Allowed memory size of 134217728 bytes exhausted (tried to allocate 10485760 bytes) in /home/intheexp/atn.bigskyheathen.com/wp-admin/includes/theme.php on line 751

2022-01-23T17:01:40+00:00 CRITICAL Allowed memory size of 134217728 bytes exhausted (tried to allocate 10485760 bytes) in /home/intheexp/atn.bigskyheathen.com/wp-admin/includes/theme.php on line 751

2022-01-23T17:08:49+00:00 CRITICAL Allowed memory size of 134217728 bytes exhausted (tried to allocate 10485760 bytes) in /home/intheexp/atn.bigskyheathen.com/wp-admin/includes/template.php on line 365

2022-01-23T17:12:09+00:00 CRITICAL Allowed memory size of 134217728 bytes exhausted (tried to allocate 10485760 bytes) in /home/intheexp/atn.bigskyheathen.com/wp-admin/includes/template.php on line 534

2022-01-23T17:17:51+00:00 CRITICAL Allowed memory size of 134217728 bytes exhausted (tried to allocate 10485760 bytes) in /home/intheexp/atn.bigskyheathen.com/wp-admin/includes/template.php on line 753

2022-01-23T17:30:31+00:00 CRITICAL Allowed memory size of 134217728 bytes exhausted (tried to allocate 10485760 bytes) in /home/intheexp/atn.bigskyheathen.com/wp-admin/includes/template.php on line 534

2022-01-23T17:32:25+00:00 CRITICAL Allowed memory size of 134217728 bytes exhausted (tried to allocate 10485760 bytes) in /home/intheexp/atn.bigskyheathen.com/wp-admin/includes/template.php on line 826

2022-01-23T17:40:41+00:00 CRITICAL Allowed memory size of 134217728 bytes exhausted (tried to allocate 10485760 bytes) in /home/intheexp/atn.bigskyheathen.com/wp-admin/includes/template.php on line 534

2022-01-23T17:45:21+00:00 CRITICAL Allowed memory size of 134217728 bytes exhausted (tried to allocate 10485760 bytes) in /home/intheexp/atn.bigskyheathen.com/wp-admin/includes/template.php on line 743

2022-01-23T17:51:07+00:00 CRITICAL Allowed memory size of 134217728 bytes exhausted (tried to allocate 10485760 bytes) in /home/intheexp/atn.bigskyheathen.com/wp-admin/includes/theme.php on line 751

2022-01-23T18:01:38+00:00 CRITICAL Allowed memory size of 134217728 bytes exhausted (tried to allocate 10485760 bytes) in /home/intheexp/atn.bigskyheathen.com/wp-admin/includes/template.php on line 534

2022-01-23T18:11:52+00:00 CRITICAL Allowed memory size of 134217728 bytes exhausted (tried to allocate 10485760 bytes) in /home/intheexp/atn.bigskyheathen.com/wp-admin/includes/template.php on line 536

2022-01-23T18:17:41+00:00 CRITICAL Allowed memory size of 134217728 bytes exhausted (tried to allocate 10485760 bytes) in /home/intheexp/atn.bigskyheathen.com/wp-admin/includes/template.php on line 826

2022-01-23T18:22:01+00:00 CRITICAL Allowed memory size of 134217728 bytes exhausted (tried to allocate 10485760 bytes) in /home/intheexp/atn.bigskyheathen.com/wp-admin/includes/theme.php on line 751

2022-01-23T18:32:14+00:00 CRITICAL Allowed memory size of 134217728 bytes exhausted (tried to allocate 10485760 bytes) in /home/intheexp/atn.bigskyheathen.com/wp-admin/includes/template.php on line 534

2022-01-23T18:36:07+00:00 CRITICAL Allowed memory size of 134217728 bytes exhausted (tried to allocate 10485760 bytes) in /home/intheexp/atn.bigskyheathen.com/wp-admin/includes/template.php on line 826

2022-01-23T18:38:43+00:00 CRITICAL Allowed memory size of 134217728 bytes exhausted (tried to allocate 10485760 bytes) in /home/intheexp/atn.bigskyheathen.com/wp-admin/includes/template.php on line 740

2022-01-23T18:42:42+00:00 CRITICAL Allowed memory size of 134217728 bytes exhausted (tried to allocate 10485760 bytes) in /home/intheexp/atn.bigskyheathen.com/wp-admin/includes/template.php on line 534

2022-01-23T18:53:13+00:00 CRITICAL Allowed memory size of 134217728 bytes exhausted (tried to allocate 10485760 bytes) in /home/intheexp/atn.bigskyheathen.com/wp-admin/includes/template.php on line 534

2022-01-23T18:54:02+00:00 CRITICAL Allowed memory size of 134217728 bytes exhausted (tried to allocate 10485760 bytes) in /home/intheexp/atn.bigskyheathen.com/wp-admin/includes/template.php on line 542

2022-01-23T19:03:18+00:00 CRITICAL Allowed memory size of 134217728 bytes exhausted (tried to allocate 10485760 bytes) in /home/intheexp/atn.bigskyheathen.com/wp-admin/includes/template.php on line 534

2022-01-23T19:13:22+00:00 CRITICAL Allowed memory size of 134217728 bytes exhausted (tried to allocate 10485760 bytes) in /home/intheexp/atn.bigskyheathen.com/wp-admin/includes/theme.php on line 751

2022-01-23T19:14:24+00:00 CRITICAL Allowed memory size of 134217728 bytes exhausted (tried to allocate 10485760 bytes) in /home/intheexp/atn.bigskyheathen.com/wp-admin/includes/template.php on line 365

2022-01-23T19:23:25+00:00 CRITICAL Allowed memory size of 134217728 bytes exhausted (tried to allocate 10485760 bytes) in /home/intheexp/atn.bigskyheathen.com/wp-admin/includes/theme.php on line 751

2022-01-23T19:28:31+00:00 CRITICAL Allowed memory size of 134217728 bytes exhausted (tried to allocate 10485760 bytes) in /home/intheexp/atn.bigskyheathen.com/wp-admin/includes/template.php on line 826

2022-01-23T19:33:53+00:00 CRITICAL Allowed memory size of 134217728 bytes exhausted (tried to allocate 10485760 bytes) in /home/intheexp/atn.bigskyheathen.com/wp-admin/includes/theme.php on line 751

2022-01-23T19:50:24+00:00 CRITICAL Allowed memory size of 134217728 bytes exhausted (tried to allocate 10485760 bytes) in /home/intheexp/atn.bigskyheathen.com/wp-admin/includes/template.php on line 534

2022-01-23T20:00:53+00:00 CRITICAL Allowed memory size of 134217728 bytes exhausted (tried to allocate 10485760 bytes) in /home/intheexp/atn.bigskyheathen.com/wp-admin/includes/template.php on line 534

2022-01-23T20:11:11+00:00 CRITICAL Allowed memory size of 134217728 bytes exhausted (tried to allocate 10485760 bytes) in /home/intheexp/atn.bigskyheathen.com/wp-admin/includes/template.php on line 534

2022-01-23T20:12:57+00:00 CRITICAL Allowed memory size of 134217728 bytes exhausted (tried to allocate 10485760 bytes) in /home/intheexp/atn.bigskyheathen.com/wp-admin/includes/theme.php on line 325

2022-01-23T20:13:00+00:00 CRITICAL Allowed memory size of 134217728 bytes exhausted (tried to allocate 10485760 bytes) in /home/intheexp/atn.bigskyheathen.com/wp-admin/includes/theme.php on line 325

2022-01-23T20:13:04+00:00 CRITICAL Allowed memory size of 134217728 bytes exhausted (tried to allocate 10485760 bytes) in /home/intheexp/atn.bigskyheathen.com/wp-admin/includes/theme.php on line 325

2022-01-23T20:13:11+00:00 CRITICAL Allowed memory size of 134217728 bytes exhausted (tried to allocate 10485760 bytes) in /home/intheexp/atn.bigskyheathen.com/wp-admin/includes/theme.php on line 325

2022-01-23T20:13:14+00:00 CRITICAL Allowed memory size of 134217728 bytes exhausted (tried to allocate 10485760 bytes) in /home/intheexp/atn.bigskyheathen.com/wp-admin/includes/theme.php on line 325

2022-01-23T20:13:17+00:00 CRITICAL Allowed memory size of 134217728 bytes exhausted (tried to allocate 10485760 bytes) in /home/intheexp/atn.bigskyheathen.com/wp-admin/includes/theme.php on line 325

2022-01-23T20:13:20+00:00 CRITICAL Allowed memory size of 134217728 bytes exhausted (tried to allocate 10485760 bytes) in /home/intheexp/atn.bigskyheathen.com/wp-admin/includes/theme.php on line 325

2022-01-23T20:13:23+00:00 CRITICAL Allowed memory size of 134217728 bytes exhausted (tried to allocate 10485760 bytes) in /home/intheexp/atn.bigskyheathen.com/wp-admin/includes/theme.php on line 325

2022-01-23T20:13:26+00:00 CRITICAL Allowed memory size of 134217728 bytes exhausted (tried to allocate 10485760 bytes) in /home/intheexp/atn.bigskyheathen.com/wp-admin/includes/theme.php on line 325

2022-01-23T20:13:29+00:00 CRITICAL Allowed memory size of 134217728 bytes exhausted (tried to allocate 10485760 bytes) in /home/intheexp/atn.bigskyheathen.com/wp-admin/includes/theme.php on line 325

2022-01-23T20:13:35+00:00 CRITICAL Allowed memory size of 134217728 bytes exhausted (tried to allocate 10485760 bytes) in /home/intheexp/atn.bigskyheathen.com/wp-admin/includes/theme.php on line 325

2022-01-23T20:13:38+00:00 CRITICAL Allowed memory size of 134217728 bytes exhausted (tried to allocate 10485760 bytes) in /home/intheexp/atn.bigskyheathen.com/wp-admin/includes/theme.php on line 325

2022-01-23T20:13:41+00:00 CRITICAL Allowed memory size of 134217728 bytes exhausted (tried to allocate 10485760 bytes) in /home/intheexp/atn.bigskyheathen.com/wp-admin/includes/theme.php on line 325

2022-01-23T20:13:44+00:00 CRITICAL Allowed memory size of 134217728 bytes exhausted (tried to allocate 10485760 bytes) in /home/intheexp/atn.bigskyheathen.com/wp-admin/includes/theme.php on line 325

2022-01-23T20:13:47+00:00 CRITICAL Allowed memory size of 134217728 bytes exhausted (tried to allocate 10485760 bytes) in /home/intheexp/atn.bigskyheathen.com/wp-admin/includes/theme.php on line 325

2022-01-23T20:13:50+00:00 CRITICAL Allowed memory size of 134217728 bytes exhausted (tried to allocate 10485760 bytes) in /home/intheexp/atn.bigskyheathen.com/wp-admin/includes/theme.php on line 325

2022-01-23T20:13:53+00:00 CRITICAL Allowed memory size of 134217728 bytes exhausted (tried to allocate 10485760 bytes) in /home/intheexp/atn.bigskyheathen.com/wp-admin/includes/theme.php on line 325

2022-01-23T20:21:50+00:00 CRITICAL Allowed memory size of 134217728 bytes exhausted (tried to allocate 10485760 bytes) in /home/intheexp/atn.bigskyheathen.com/wp-admin/includes/template.php on line 534

2022-01-23T20:32:28+00:00 CRITICAL Allowed memory size of 134217728 bytes exhausted (tried to allocate 10485760 bytes) in /home/intheexp/atn.bigskyheathen.com/wp-admin/includes/template.php on line 534

2022-01-23T20:33:03+00:00 CRITICAL Allowed memory size of 134217728 bytes exhausted (tried to allocate 10485760 bytes) in /home/intheexp/atn.bigskyheathen.com/wp-admin/includes/template.php on line 2033

2022-01-23T20:42:53+00:00 CRITICAL Allowed memory size of 134217728 bytes exhausted (tried to allocate 10485760 bytes) in /home/intheexp/atn.bigskyheathen.com/wp-admin/includes/theme.php on line 751

2022-01-23T20:53:23+00:00 CRITICAL Allowed memory size of 134217728 bytes exhausted (tried to allocate 10485760 bytes) in /home/intheexp/atn.bigskyheathen.com/wp-admin/includes/template.php on line 534

2022-01-23T21:03:48+00:00 CRITICAL Allowed memory size of 134217728 bytes exhausted (tried to allocate 10485760 bytes) in /home/intheexp/atn.bigskyheathen.com/wp-admin/includes/template.php on line 534

2022-01-23T21:14:13+00:00 CRITICAL Allowed memory size of 134217728 bytes exhausted (tried to allocate 10485760 bytes) in /home/intheexp/atn.bigskyheathen.com/wp-admin/includes/theme.php on line 751

2022-01-23T21:24:52+00:00 CRITICAL Allowed memory size of 134217728 bytes exhausted (tried to allocate 10485760 bytes) in /home/intheexp/atn.bigskyheathen.com/wp-admin/includes/template.php on line 534

2022-01-23T21:34:03+00:00 CRITICAL Allowed memory size of 134217728 bytes exhausted (tried to allocate 10485760 bytes) in /home/intheexp/atn.bigskyheathen.com/wp-admin/includes/template.php on line 826

2022-01-23T21:35:06+00:00 CRITICAL Allowed memory size of 134217728 bytes exhausted (tried to allocate 10485760 bytes) in /home/intheexp/atn.bigskyheathen.com/wp-admin/includes/theme.php on line 752

2022-01-23T21:35:09+00:00 CRITICAL Allowed memory size of 134217728 bytes exhausted (tried to allocate 10485760 bytes) in /home/intheexp/atn.bigskyheathen.com/wp-admin/includes/theme.php on line 318

2022-01-23T21:35:41+00:00 CRITICAL Allowed memory size of 134217728 bytes exhausted (tried to allocate 10485760 bytes) in /home/intheexp/atn.bigskyheathen.com/wp-admin/includes/theme.php on line 751

2022-01-23T21:46:23+00:00 CRITICAL Allowed memory size of 134217728 bytes exhausted (tried to allocate 10485760 bytes) in /home/intheexp/atn.bigskyheathen.com/wp-admin/includes/theme.php on line 751

2022-01-23T21:47:50+00:00 CRITICAL Allowed memory size of 134217728 bytes exhausted (tried to allocate 10485760 bytes) in /home/intheexp/atn.bigskyheathen.com/wp-admin/includes/template.php on line 691

2022-01-23T21:57:00+00:00 CRITICAL Allowed memory size of 134217728 bytes exhausted (tried to allocate 10485760 bytes) in /home/intheexp/atn.bigskyheathen.com/wp-admin/includes/theme.php on line 751

2022-01-23T22:07:38+00:00 CRITICAL Allowed memory size of 134217728 bytes exhausted (tried to allocate 10485760 bytes) in /home/intheexp/atn.bigskyheathen.com/wp-admin/includes/template.php on line 534

2022-01-23T22:18:01+00:00 CRITICAL Allowed memory size of 134217728 bytes exhausted (tried to allocate 10485760 bytes) in /home/intheexp/atn.bigskyheathen.com/wp-admin/includes/template.php on line 534

2022-01-23T22:24:21+00:00 CRITICAL Allowed memory size of 134217728 bytes exhausted (tried to allocate 10485760 bytes) in /home/intheexp/atn.bigskyheathen.com/wp-admin/includes/template.php on line 709

2022-01-23T22:28:42+00:00 CRITICAL Allowed memory size of 134217728 bytes exhausted (tried to allocate 10485760 bytes) in /home/intheexp/atn.bigskyheathen.com/wp-admin/includes/theme.php on line 751

2022-01-23T22:39:13+00:00 CRITICAL Allowed memory size of 134217728 bytes exhausted (tried to allocate 10485760 bytes) in /home/intheexp/atn.bigskyheathen.com/wp-admin/includes/template.php on line 534

2022-01-23T22:41:02+00:00 CRITICAL Allowed memory size of 134217728 bytes exhausted (tried to allocate 10485760 bytes) in /home/intheexp/atn.bigskyheathen.com/wp-admin/includes/template.php on line 826

2022-01-23T22:49:47+00:00 CRITICAL Allowed memory size of 134217728 bytes exhausted (tried to allocate 10485760 bytes) in /home/intheexp/atn.bigskyheathen.com/wp-admin/includes/template.php on line 534

2022-01-23T22:52:06+00:00 CRITICAL Allowed memory size of 134217728 bytes exhausted (tried to allocate 10485760 bytes) in /home/intheexp/atn.bigskyheathen.com/wp-admin/includes/template.php on line 709

2022-01-23T23:00:29+00:00 CRITICAL Allowed memory size of 134217728 bytes exhausted (tried to allocate 10485760 bytes) in /home/intheexp/atn.bigskyheathen.com/wp-admin/includes/template.php on line 534

2022-01-23T23:10:59+00:00 CRITICAL Allowed memory size of 134217728 bytes exhausted (tried to allocate 10485760 bytes) in /home/intheexp/atn.bigskyheathen.com/wp-admin/includes/theme.php on line 751

2022-01-23T23:21:32+00:00 CRITICAL Allowed memory size of 134217728 bytes exhausted (tried to allocate 10485760 bytes) in /home/intheexp/atn.bigskyheathen.com/wp-admin/includes/theme.php on line 751

2022-01-23T23:32:13+00:00 CRITICAL Allowed memory size of 134217728 bytes exhausted (tried to allocate 10485760 bytes) in /home/intheexp/atn.bigskyheathen.com/wp-admin/includes/template.php on line 534

2022-01-23T23:40:54+00:00 CRITICAL Allowed memory size of 134217728 bytes exhausted (tried to allocate 10485760 bytes) in /home/intheexp/atn.bigskyheathen.com/wp-admin/includes/template.php on line 540

2022-01-23T23:42:41+00:00 CRITICAL Allowed memory size of 134217728 bytes exhausted (tried to allocate 10485760 bytes) in /home/intheexp/atn.bigskyheathen.com/wp-admin/includes/theme.php on line 751

2022-01-23T23:45:40+00:00 CRITICAL Allowed memory size of 134217728 bytes exhausted (tried to allocate 32768 bytes) in /home/intheexp/atn.bigskyheathen.com/wp-content/plugins/buddypress/bp-groups/classes/class-bp-groups-group.php on line 1386

2022-01-23T23:46:50+00:00 CRITICAL Allowed memory size of 134217728 bytes exhausted (tried to allocate 10485760 bytes) in /home/intheexp/atn.bigskyheathen.com/wp-admin/includes/template.php on line 1905

2022-01-23T23:47:05+00:00 CRITICAL Allowed memory size of 134217728 bytes exhausted (tried to allocate 10485760 bytes) in /home/intheexp/atn.bigskyheathen.com/wp-admin/includes/template.php on line 826

2022-01-23T23:47:13+00:00 CRITICAL Allowed memory size of 134217728 bytes exhausted (tried to allocate 10485760 bytes) in /home/intheexp/atn.bigskyheathen.com/wp-admin/includes/template.php on line 519

2022-01-23T23:47:27+00:00 CRITICAL Allowed memory size of 134217728 bytes exhausted (tried to allocate 10485760 bytes) in /home/intheexp/atn.bigskyheathen.com/wp-admin/includes/template.php on line 2029

2022-01-23T23:47:33+00:00 CRITICAL Allowed memory size of 134217728 bytes exhausted (tried to allocate 10485760 bytes) in /home/intheexp/atn.bigskyheathen.com/wp-admin/includes/template.php on line 494

2022-01-23T23:47:41+00:00 CRITICAL Allowed memory size of 134217728 bytes exhausted (tried to allocate 10485760 bytes) in /home/intheexp/atn.bigskyheathen.com/wp-admin/includes/template.php on line 486

