2022-01-22T02:18:44+00:00 CRITICAL Allowed memory size of 134217728 bytes exhausted (tried to allocate 32768 bytes) in /home/intheexp/atn.bigskyheathen.com/wp-admin/includes/template.php on line 833

2022-01-22T02:29:39+00:00 CRITICAL Allowed memory size of 134217728 bytes exhausted (tried to allocate 10485760 bytes) in /home/intheexp/atn.bigskyheathen.com/wp-admin/includes/template.php on line 476

2022-01-22T02:42:52+00:00 CRITICAL Allowed memory size of 134217728 bytes exhausted (tried to allocate 10485760 bytes) in /home/intheexp/atn.bigskyheathen.com/wp-admin/includes/theme.php on line 494

2022-01-22T02:54:57+00:00 CRITICAL Allowed memory size of 134217728 bytes exhausted (tried to allocate 10485760 bytes) in /home/intheexp/atn.bigskyheathen.com/wp-admin/includes/theme.php on line 494

2022-01-22T03:06:26+00:00 CRITICAL Allowed memory size of 134217728 bytes exhausted (tried to allocate 10485760 bytes) in /home/intheexp/atn.bigskyheathen.com/wp-admin/includes/theme.php on line 494

2022-01-22T03:17:33+00:00 CRITICAL Allowed memory size of 134217728 bytes exhausted (tried to allocate 10485760 bytes) in /home/intheexp/atn.bigskyheathen.com/wp-admin/includes/theme.php on line 494

2022-01-22T03:21:00+00:00 CRITICAL Allowed memory size of 134217728 bytes exhausted (tried to allocate 10485760 bytes) in /home/intheexp/atn.bigskyheathen.com/wp-admin/includes/template.php on line 786

2022-01-22T03:28:20+00:00 CRITICAL Allowed memory size of 134217728 bytes exhausted (tried to allocate 10485760 bytes) in /home/intheexp/atn.bigskyheathen.com/wp-admin/includes/theme.php on line 494

2022-01-22T03:39:01+00:00 CRITICAL Allowed memory size of 134217728 bytes exhausted (tried to allocate 10485760 bytes) in /home/intheexp/atn.bigskyheathen.com/wp-admin/includes/theme.php on line 494

2022-01-22T03:49:06+00:00 CRITICAL Allowed memory size of 134217728 bytes exhausted (tried to allocate 10485760 bytes) in /home/intheexp/atn.bigskyheathen.com/wp-admin/includes/theme.php on line 494

2022-01-22T03:54:57+00:00 CRITICAL Allowed memory size of 134217728 bytes exhausted (tried to allocate 10485760 bytes) in /home/intheexp/atn.bigskyheathen.com/wp-admin/includes/template.php on line 1518

2022-01-22T03:59:17+00:00 CRITICAL Allowed memory size of 134217728 bytes exhausted (tried to allocate 10485760 bytes) in /home/intheexp/atn.bigskyheathen.com/wp-admin/includes/theme.php on line 494

2022-01-22T04:09:06+00:00 CRITICAL Allowed memory size of 134217728 bytes exhausted (tried to allocate 10485760 bytes) in /home/intheexp/atn.bigskyheathen.com/wp-admin/includes/theme.php on line 494

2022-01-22T04:18:47+00:00 CRITICAL Allowed memory size of 134217728 bytes exhausted (tried to allocate 10485760 bytes) in /home/intheexp/atn.bigskyheathen.com/wp-admin/includes/template.php on line 476

2022-01-22T04:28:09+00:00 CRITICAL Allowed memory size of 134217728 bytes exhausted (tried to allocate 10485760 bytes) in /home/intheexp/atn.bigskyheathen.com/wp-admin/includes/theme.php on line 494

2022-01-22T04:37:27+00:00 CRITICAL Allowed memory size of 134217728 bytes exhausted (tried to allocate 10485760 bytes) in /home/intheexp/atn.bigskyheathen.com/wp-admin/includes/theme.php on line 494

2022-01-22T04:46:45+00:00 CRITICAL Allowed memory size of 134217728 bytes exhausted (tried to allocate 10485760 bytes) in /home/intheexp/atn.bigskyheathen.com/wp-admin/includes/theme.php on line 494

2022-01-22T04:55:51+00:00 CRITICAL Allowed memory size of 134217728 bytes exhausted (tried to allocate 10485760 bytes) in /home/intheexp/atn.bigskyheathen.com/wp-admin/includes/theme.php on line 494

2022-01-22T05:04:25+00:00 CRITICAL Allowed memory size of 134217728 bytes exhausted (tried to allocate 10485760 bytes) in /home/intheexp/atn.bigskyheathen.com/wp-admin/includes/theme.php on line 494

2022-01-22T05:12:49+00:00 CRITICAL Allowed memory size of 134217728 bytes exhausted (tried to allocate 10485760 bytes) in /home/intheexp/atn.bigskyheathen.com/wp-admin/includes/theme.php on line 494

2022-01-22T05:28:53+00:00 CRITICAL Allowed memory size of 134217728 bytes exhausted (tried to allocate 10485760 bytes) in /home/intheexp/atn.bigskyheathen.com/wp-admin/includes/template.php on line 786

2022-01-22T05:28:55+00:00 CRITICAL Allowed memory size of 134217728 bytes exhausted (tried to allocate 10485760 bytes) in /home/intheexp/atn.bigskyheathen.com/wp-admin/includes/template.php on line 476

2022-01-22T05:35:09+00:00 CRITICAL Allowed memory size of 134217728 bytes exhausted (tried to allocate 10485760 bytes) in /home/intheexp/atn.bigskyheathen.com/wp-admin/includes/template.php on line 786

2022-01-22T05:37:01+00:00 CRITICAL Allowed memory size of 134217728 bytes exhausted (tried to allocate 10485760 bytes) in /home/intheexp/atn.bigskyheathen.com/wp-admin/includes/theme.php on line 494

2022-01-22T05:44:29+00:00 CRITICAL Allowed memory size of 134217728 bytes exhausted (tried to allocate 10485760 bytes) in /home/intheexp/atn.bigskyheathen.com/wp-admin/includes/theme.php on line 494

2022-01-22T05:51:47+00:00 CRITICAL Allowed memory size of 134217728 bytes exhausted (tried to allocate 10485760 bytes) in /home/intheexp/atn.bigskyheathen.com/wp-admin/includes/theme.php on line 494

2022-01-22T05:57:22+00:00 CRITICAL Allowed memory size of 134217728 bytes exhausted (tried to allocate 10485760 bytes) in /home/intheexp/atn.bigskyheathen.com/wp-admin/includes/theme.php on line 347

2022-01-22T05:58:36+00:00 CRITICAL Allowed memory size of 134217728 bytes exhausted (tried to allocate 10485760 bytes) in /home/intheexp/atn.bigskyheathen.com/wp-admin/includes/template.php on line 652

2022-01-22T05:58:49+00:00 CRITICAL Allowed memory size of 134217728 bytes exhausted (tried to allocate 10485760 bytes) in /home/intheexp/atn.bigskyheathen.com/wp-admin/includes/template.php on line 476

2022-01-22T06:05:34+00:00 CRITICAL Allowed memory size of 134217728 bytes exhausted (tried to allocate 10485760 bytes) in /home/intheexp/atn.bigskyheathen.com/wp-admin/includes/theme.php on line 494

2022-01-22T06:17:27+00:00 CRITICAL Allowed memory size of 134217728 bytes exhausted (tried to allocate 10485760 bytes) in /home/intheexp/atn.bigskyheathen.com/wp-admin/includes/theme.php on line 229

2022-01-22T06:17:30+00:00 CRITICAL Allowed memory size of 134217728 bytes exhausted (tried to allocate 10485760 bytes) in /home/intheexp/atn.bigskyheathen.com/wp-admin/includes/theme.php on line 229

2022-01-22T06:17:34+00:00 CRITICAL Allowed memory size of 134217728 bytes exhausted (tried to allocate 10485760 bytes) in /home/intheexp/atn.bigskyheathen.com/wp-admin/includes/theme.php on line 229

2022-01-22T06:17:38+00:00 CRITICAL Allowed memory size of 134217728 bytes exhausted (tried to allocate 10485760 bytes) in /home/intheexp/atn.bigskyheathen.com/wp-admin/includes/theme.php on line 229

2022-01-22T06:17:41+00:00 CRITICAL Allowed memory size of 134217728 bytes exhausted (tried to allocate 10485760 bytes) in /home/intheexp/atn.bigskyheathen.com/wp-admin/includes/theme.php on line 229

2022-01-22T06:17:43+00:00 CRITICAL Allowed memory size of 134217728 bytes exhausted (tried to allocate 10485760 bytes) in /home/intheexp/atn.bigskyheathen.com/wp-admin/includes/theme.php on line 229

2022-01-22T06:17:47+00:00 CRITICAL Allowed memory size of 134217728 bytes exhausted (tried to allocate 10485760 bytes) in /home/intheexp/atn.bigskyheathen.com/wp-admin/includes/theme.php on line 229

2022-01-22T06:17:54+00:00 CRITICAL Allowed memory size of 134217728 bytes exhausted (tried to allocate 10485760 bytes) in /home/intheexp/atn.bigskyheathen.com/wp-admin/includes/theme.php on line 229

2022-01-22T06:17:56+00:00 CRITICAL Allowed memory size of 134217728 bytes exhausted (tried to allocate 10485760 bytes) in /home/intheexp/atn.bigskyheathen.com/wp-admin/includes/theme.php on line 229

2022-01-22T06:18:03+00:00 CRITICAL Allowed memory size of 134217728 bytes exhausted (tried to allocate 10485760 bytes) in /home/intheexp/atn.bigskyheathen.com/wp-admin/includes/theme.php on line 229

2022-01-22T06:18:51+00:00 CRITICAL Allowed memory size of 134217728 bytes exhausted (tried to allocate 10485760 bytes) in /home/intheexp/atn.bigskyheathen.com/wp-admin/includes/template.php on line 472

2022-01-22T06:24:16+00:00 CRITICAL Allowed memory size of 134217728 bytes exhausted (tried to allocate 10485760 bytes) in /home/intheexp/atn.bigskyheathen.com/wp-admin/includes/template.php on line 786

2022-01-22T06:25:18+00:00 CRITICAL Allowed memory size of 134217728 bytes exhausted (tried to allocate 10485760 bytes) in /home/intheexp/atn.bigskyheathen.com/wp-admin/includes/theme.php on line 494

2022-01-22T06:37:10+00:00 CRITICAL Allowed memory size of 134217728 bytes exhausted (tried to allocate 10485760 bytes) in /home/intheexp/atn.bigskyheathen.com/wp-admin/includes/theme.php on line 494

2022-01-22T06:37:39+00:00 CRITICAL Allowed memory size of 134217728 bytes exhausted (tried to allocate 10485760 bytes) in /home/intheexp/atn.bigskyheathen.com/wp-content/plugins/elementor/core/responsive/responsive.php on line 39

2022-01-22T06:37:59+00:00 CRITICAL Allowed memory size of 134217728 bytes exhausted (tried to allocate 10485760 bytes) in /home/intheexp/atn.bigskyheathen.com/wp-admin/includes/template.php on line 451

2022-01-22T06:43:05+00:00 CRITICAL Allowed memory size of 134217728 bytes exhausted (tried to allocate 10485760 bytes) in /home/intheexp/atn.bigskyheathen.com/wp-admin/includes/theme.php on line 494

2022-01-22T06:48:55+00:00 CRITICAL Allowed memory size of 134217728 bytes exhausted (tried to allocate 10485760 bytes) in /home/intheexp/atn.bigskyheathen.com/wp-admin/includes/theme.php on line 494

2022-01-22T06:54:50+00:00 CRITICAL Allowed memory size of 134217728 bytes exhausted (tried to allocate 10485760 bytes) in /home/intheexp/atn.bigskyheathen.com/wp-admin/includes/theme.php on line 494

2022-01-22T06:55:25+00:00 CRITICAL Allowed memory size of 134217728 bytes exhausted (tried to allocate 10485760 bytes) in /home/intheexp/atn.bigskyheathen.com/wp-admin/includes/theme.php on line 323

2022-01-22T07:00:35+00:00 CRITICAL Allowed memory size of 134217728 bytes exhausted (tried to allocate 10485760 bytes) in /home/intheexp/atn.bigskyheathen.com/wp-admin/includes/theme.php on line 494

2022-01-22T07:16:48+00:00 CRITICAL Allowed memory size of 134217728 bytes exhausted (tried to allocate 10485760 bytes) in /home/intheexp/atn.bigskyheathen.com/wp-admin/includes/template.php on line 644

2022-01-22T07:17:35+00:00 CRITICAL Allowed memory size of 134217728 bytes exhausted (tried to allocate 10485760 bytes) in /home/intheexp/atn.bigskyheathen.com/wp-admin/includes/theme.php on line 494

2022-01-22T07:23:12+00:00 CRITICAL Allowed memory size of 134217728 bytes exhausted (tried to allocate 10485760 bytes) in /home/intheexp/atn.bigskyheathen.com/wp-admin/includes/theme.php on line 494

2022-01-22T07:34:36+00:00 CRITICAL Allowed memory size of 134217728 bytes exhausted (tried to allocate 10485760 bytes) in /home/intheexp/atn.bigskyheathen.com/wp-admin/includes/theme.php on line 494

2022-01-22T07:57:10+00:00 CRITICAL Allowed memory size of 134217728 bytes exhausted (tried to allocate 10485760 bytes) in /home/intheexp/atn.bigskyheathen.com/wp-admin/includes/theme.php on line 494

2022-01-22T08:02:48+00:00 CRITICAL Allowed memory size of 134217728 bytes exhausted (tried to allocate 10485760 bytes) in /home/intheexp/atn.bigskyheathen.com/wp-admin/includes/theme.php on line 494

2022-01-22T08:08:13+00:00 CRITICAL Allowed memory size of 134217728 bytes exhausted (tried to allocate 10485760 bytes) in /home/intheexp/atn.bigskyheathen.com/wp-admin/includes/template.php on line 652

2022-01-22T08:13:54+00:00 CRITICAL Allowed memory size of 134217728 bytes exhausted (tried to allocate 10485760 bytes) in /home/intheexp/atn.bigskyheathen.com/wp-admin/includes/theme.php on line 494

2022-01-22T08:19:24+00:00 CRITICAL Allowed memory size of 134217728 bytes exhausted (tried to allocate 10485760 bytes) in /home/intheexp/atn.bigskyheathen.com/wp-admin/includes/theme.php on line 494

2022-01-22T08:33:35+00:00 CRITICAL Allowed memory size of 134217728 bytes exhausted (tried to allocate 10485760 bytes) in /home/intheexp/atn.bigskyheathen.com/wp-admin/includes/template.php on line 786

2022-01-22T08:36:00+00:00 CRITICAL Allowed memory size of 134217728 bytes exhausted (tried to allocate 10485760 bytes) in /home/intheexp/atn.bigskyheathen.com/wp-admin/includes/theme.php on line 494

2022-01-22T08:41:39+00:00 CRITICAL Allowed memory size of 134217728 bytes exhausted (tried to allocate 10485760 bytes) in /home/intheexp/atn.bigskyheathen.com/wp-admin/includes/theme.php on line 494

2022-01-22T08:52:43+00:00 CRITICAL Allowed memory size of 134217728 bytes exhausted (tried to allocate 10485760 bytes) in /home/intheexp/atn.bigskyheathen.com/wp-admin/includes/theme.php on line 494

2022-01-22T08:58:12+00:00 CRITICAL Allowed memory size of 134217728 bytes exhausted (tried to allocate 10485760 bytes) in /home/intheexp/atn.bigskyheathen.com/wp-admin/includes/template.php on line 472

2022-01-22T09:03:37+00:00 CRITICAL Allowed memory size of 134217728 bytes exhausted (tried to allocate 10485760 bytes) in /home/intheexp/atn.bigskyheathen.com/wp-admin/includes/template.php on line 476

2022-01-22T09:09:07+00:00 CRITICAL Allowed memory size of 134217728 bytes exhausted (tried to allocate 10485760 bytes) in /home/intheexp/atn.bigskyheathen.com/wp-admin/includes/template.php on line 472

2022-01-22T09:14:32+00:00 CRITICAL Allowed memory size of 134217728 bytes exhausted (tried to allocate 10485760 bytes) in /home/intheexp/atn.bigskyheathen.com/wp-admin/includes/theme.php on line 494

2022-01-22T09:15:46+00:00 CRITICAL Allowed memory size of 134217728 bytes exhausted (tried to allocate 10485760 bytes) in /home/intheexp/atn.bigskyheathen.com/wp-admin/includes/theme.php on line 346

2022-01-22T09:19:49+00:00 CRITICAL Allowed memory size of 134217728 bytes exhausted (tried to allocate 10485760 bytes) in /home/intheexp/atn.bigskyheathen.com/wp-admin/includes/template.php on line 786

2022-01-22T09:20:01+00:00 CRITICAL Allowed memory size of 134217728 bytes exhausted (tried to allocate 10485760 bytes) in /home/intheexp/atn.bigskyheathen.com/wp-admin/includes/template.php on line 476

2022-01-22T09:27:31+00:00 CRITICAL Allowed memory size of 134217728 bytes exhausted (tried to allocate 10485760 bytes) in /home/intheexp/atn.bigskyheathen.com/wp-admin/includes/template.php on line 645

2022-01-22T09:30:57+00:00 CRITICAL Allowed memory size of 134217728 bytes exhausted (tried to allocate 10485760 bytes) in /home/intheexp/atn.bigskyheathen.com/wp-admin/includes/theme.php on line 494

2022-01-22T09:36:24+00:00 CRITICAL Allowed memory size of 134217728 bytes exhausted (tried to allocate 10485760 bytes) in /home/intheexp/atn.bigskyheathen.com/wp-admin/includes/theme.php on line 494

2022-01-22T09:38:37+00:00 CRITICAL Allowed memory size of 134217728 bytes exhausted (tried to allocate 10485760 bytes) in /home/intheexp/atn.bigskyheathen.com/wp-admin/includes/template.php on line 1942

2022-01-22T09:41:48+00:00 CRITICAL Allowed memory size of 134217728 bytes exhausted (tried to allocate 10485760 bytes) in /home/intheexp/atn.bigskyheathen.com/wp-admin/includes/theme.php on line 494

2022-01-22T09:43:24+00:00 CRITICAL Allowed memory size of 134217728 bytes exhausted (tried to allocate 10485760 bytes) in /home/intheexp/atn.bigskyheathen.com/wp-admin/includes/template.php on line 652

2022-01-22T09:52:49+00:00 CRITICAL Allowed memory size of 134217728 bytes exhausted (tried to allocate 10485760 bytes) in /home/intheexp/atn.bigskyheathen.com/wp-admin/includes/template.php on line 472

2022-01-22T10:03:44+00:00 CRITICAL Allowed memory size of 134217728 bytes exhausted (tried to allocate 10485760 bytes) in /home/intheexp/atn.bigskyheathen.com/wp-admin/includes/template.php on line 472

2022-01-22T10:08:58+00:00 CRITICAL Allowed memory size of 134217728 bytes exhausted (tried to allocate 10485760 bytes) in /home/intheexp/atn.bigskyheathen.com/wp-admin/includes/theme.php on line 494

2022-01-22T10:14:22+00:00 CRITICAL Allowed memory size of 134217728 bytes exhausted (tried to allocate 10485760 bytes) in /home/intheexp/atn.bigskyheathen.com/wp-admin/includes/theme.php on line 494

2022-01-22T10:25:14+00:00 CRITICAL Allowed memory size of 134217728 bytes exhausted (tried to allocate 10485760 bytes) in /home/intheexp/atn.bigskyheathen.com/wp-admin/includes/theme.php on line 494

2022-01-22T10:34:46+00:00 CRITICAL Allowed memory size of 134217728 bytes exhausted (tried to allocate 10485760 bytes) in /home/intheexp/atn.bigskyheathen.com/wp-admin/includes/template.php on line 786

2022-01-22T10:51:20+00:00 CRITICAL Allowed memory size of 134217728 bytes exhausted (tried to allocate 10485760 bytes) in /home/intheexp/atn.bigskyheathen.com/wp-admin/includes/template.php on line 645

2022-01-22T10:51:50+00:00 CRITICAL Allowed memory size of 134217728 bytes exhausted (tried to allocate 10485760 bytes) in /home/intheexp/atn.bigskyheathen.com/wp-admin/includes/template.php on line 476

2022-01-22T10:56:19+00:00 CRITICAL Allowed memory size of 134217728 bytes exhausted (tried to allocate 10485760 bytes) in /home/intheexp/atn.bigskyheathen.com/wp-admin/includes/template.php on line 481

2022-01-22T10:56:23+00:00 CRITICAL Allowed memory size of 134217728 bytes exhausted (tried to allocate 10485760 bytes) in /home/intheexp/atn.bigskyheathen.com/wp-admin/includes/template.php on line 481

2022-01-22T10:56:28+00:00 CRITICAL Allowed memory size of 134217728 bytes exhausted (tried to allocate 10485760 bytes) in /home/intheexp/atn.bigskyheathen.com/wp-admin/includes/template.php on line 481

2022-01-22T10:56:32+00:00 CRITICAL Allowed memory size of 134217728 bytes exhausted (tried to allocate 10485760 bytes) in /home/intheexp/atn.bigskyheathen.com/wp-admin/includes/template.php on line 481

2022-01-22T10:56:36+00:00 CRITICAL Allowed memory size of 134217728 bytes exhausted (tried to allocate 10485760 bytes) in /home/intheexp/atn.bigskyheathen.com/wp-admin/includes/template.php on line 476

2022-01-22T10:56:42+00:00 CRITICAL Allowed memory size of 134217728 bytes exhausted (tried to allocate 10485760 bytes) in /home/intheexp/atn.bigskyheathen.com/wp-admin/includes/template.php on line 476

2022-01-22T10:56:44+00:00 CRITICAL Allowed memory size of 134217728 bytes exhausted (tried to allocate 10485760 bytes) in /home/intheexp/atn.bigskyheathen.com/wp-admin/includes/template.php on line 476

2022-01-22T10:56:49+00:00 CRITICAL Allowed memory size of 134217728 bytes exhausted (tried to allocate 10485760 bytes) in /home/intheexp/atn.bigskyheathen.com/wp-admin/includes/template.php on line 476

2022-01-22T10:56:51+00:00 CRITICAL Allowed memory size of 134217728 bytes exhausted (tried to allocate 10485760 bytes) in /home/intheexp/atn.bigskyheathen.com/wp-admin/includes/theme.php on line 209

2022-01-22T10:56:53+00:00 CRITICAL Allowed memory size of 134217728 bytes exhausted (tried to allocate 10485760 bytes) in /home/intheexp/atn.bigskyheathen.com/wp-admin/includes/template.php on line 476

2022-01-22T10:56:55+00:00 CRITICAL Allowed memory size of 134217728 bytes exhausted (tried to allocate 10485760 bytes) in /home/intheexp/atn.bigskyheathen.com/wp-admin/includes/template.php on line 551

2022-01-22T10:56:59+00:00 CRITICAL Allowed memory size of 134217728 bytes exhausted (tried to allocate 10485760 bytes) in /home/intheexp/atn.bigskyheathen.com/wp-admin/includes/theme.php on line 494

2022-01-22T10:57:03+00:00 CRITICAL Allowed memory size of 134217728 bytes exhausted (tried to allocate 10485760 bytes) in /home/intheexp/atn.bigskyheathen.com/wp-admin/includes/template.php on line 476

2022-01-22T10:57:05+00:00 CRITICAL Allowed memory size of 134217728 bytes exhausted (tried to allocate 10485760 bytes) in /home/intheexp/atn.bigskyheathen.com/wp-admin/includes/theme.php on line 494

2022-01-22T10:57:08+00:00 CRITICAL Allowed memory size of 134217728 bytes exhausted (tried to allocate 10485760 bytes) in /home/intheexp/atn.bigskyheathen.com/wp-admin/includes/template.php on line 447

2022-01-22T10:57:13+00:00 CRITICAL Allowed memory size of 134217728 bytes exhausted (tried to allocate 10485760 bytes) in /home/intheexp/atn.bigskyheathen.com/wp-admin/includes/template.php on line 476

2022-01-22T10:57:19+00:00 CRITICAL Allowed memory size of 134217728 bytes exhausted (tried to allocate 10485760 bytes) in /home/intheexp/atn.bigskyheathen.com/wp-admin/includes/template.php on line 481

2022-01-22T10:57:26+00:00 CRITICAL Allowed memory size of 134217728 bytes exhausted (tried to allocate 10485760 bytes) in /home/intheexp/atn.bigskyheathen.com/wp-admin/includes/template.php on line 447

2022-01-22T10:57:30+00:00 CRITICAL Allowed memory size of 134217728 bytes exhausted (tried to allocate 10485760 bytes) in /home/intheexp/atn.bigskyheathen.com/wp-admin/includes/template.php on line 376

2022-01-22T10:57:35+00:00 CRITICAL Allowed memory size of 134217728 bytes exhausted (tried to allocate 10485760 bytes) in /home/intheexp/atn.bigskyheathen.com/wp-admin/includes/template.php on line 481

2022-01-22T10:57:39+00:00 CRITICAL Allowed memory size of 134217728 bytes exhausted (tried to allocate 10485760 bytes) in /home/intheexp/atn.bigskyheathen.com/wp-admin/includes/template.php on line 481

2022-01-22T10:57:44+00:00 CRITICAL Allowed memory size of 134217728 bytes exhausted (tried to allocate 10485760 bytes) in /home/intheexp/atn.bigskyheathen.com/wp-admin/includes/template.php on line 481

2022-01-22T10:57:48+00:00 CRITICAL Allowed memory size of 134217728 bytes exhausted (tried to allocate 10485760 bytes) in /home/intheexp/atn.bigskyheathen.com/wp-admin/includes/template.php on line 481

2022-01-22T10:57:53+00:00 CRITICAL Allowed memory size of 134217728 bytes exhausted (tried to allocate 10485760 bytes) in /home/intheexp/atn.bigskyheathen.com/wp-admin/includes/template.php on line 481

2022-01-22T10:57:55+00:00 CRITICAL Allowed memory size of 134217728 bytes exhausted (tried to allocate 10485760 bytes) in /home/intheexp/atn.bigskyheathen.com/wp-admin/includes/template.php on line 476

2022-01-22T10:57:57+00:00 CRITICAL Allowed memory size of 134217728 bytes exhausted (tried to allocate 10485760 bytes) in /home/intheexp/atn.bigskyheathen.com/wp-admin/includes/template.php on line 447

2022-01-22T10:57:59+00:00 CRITICAL Allowed memory size of 134217728 bytes exhausted (tried to allocate 10485760 bytes) in /home/intheexp/atn.bigskyheathen.com/wp-admin/includes/template.php on line 476

2022-01-22T10:58:01+00:00 CRITICAL Allowed memory size of 134217728 bytes exhausted (tried to allocate 10485760 bytes) in /home/intheexp/atn.bigskyheathen.com/wp-admin/includes/template.php on line 476

2022-01-22T10:58:05+00:00 CRITICAL Allowed memory size of 134217728 bytes exhausted (tried to allocate 10485760 bytes) in /home/intheexp/atn.bigskyheathen.com/wp-admin/includes/theme.php on line 494

2022-01-22T10:58:10+00:00 CRITICAL Allowed memory size of 134217728 bytes exhausted (tried to allocate 10485760 bytes) in /home/intheexp/atn.bigskyheathen.com/wp-content/plugins/elementor-pro/modules/forms/submissions/database/query.php on line 155

2022-01-22T10:58:15+00:00 CRITICAL Allowed memory size of 134217728 bytes exhausted (tried to allocate 10485760 bytes) in /home/intheexp/atn.bigskyheathen.com/wp-content/plugins/elementor-pro/modules/forms/submissions/database/query.php on line 155

2022-01-22T10:58:17+00:00 CRITICAL Allowed memory size of 134217728 bytes exhausted (tried to allocate 10485760 bytes) in /home/intheexp/atn.bigskyheathen.com/wp-admin/includes/template.php on line 476

2022-01-22T10:58:23+00:00 CRITICAL Allowed memory size of 134217728 bytes exhausted (tried to allocate 10485760 bytes) in /home/intheexp/atn.bigskyheathen.com/wp-admin/includes/template.php on line 1681

2022-01-22T11:07:38+00:00 CRITICAL Allowed memory size of 134217728 bytes exhausted (tried to allocate 10485760 bytes) in /home/intheexp/atn.bigskyheathen.com/wp-admin/includes/theme.php on line 494

2022-01-22T11:12:49+00:00 CRITICAL Allowed memory size of 134217728 bytes exhausted (tried to allocate 10485760 bytes) in /home/intheexp/atn.bigskyheathen.com/wp-admin/includes/theme.php on line 494

2022-01-22T11:18:04+00:00 CRITICAL Allowed memory size of 134217728 bytes exhausted (tried to allocate 10485760 bytes) in /home/intheexp/atn.bigskyheathen.com/wp-admin/includes/theme.php on line 494

2022-01-22T11:28:35+00:00 CRITICAL Allowed memory size of 134217728 bytes exhausted (tried to allocate 10485760 bytes) in /home/intheexp/atn.bigskyheathen.com/wp-admin/includes/theme.php on line 494

2022-01-22T11:34:02+00:00 CRITICAL Allowed memory size of 134217728 bytes exhausted (tried to allocate 10485760 bytes) in /home/intheexp/atn.bigskyheathen.com/wp-admin/includes/theme.php on line 494

2022-01-22T11:34:13+00:00 CRITICAL Allowed memory size of 134217728 bytes exhausted (tried to allocate 10485760 bytes) in /home/intheexp/atn.bigskyheathen.com/wp-admin/includes/theme.php on line 323

2022-01-22T11:39:06+00:00 CRITICAL Allowed memory size of 134217728 bytes exhausted (tried to allocate 10485760 bytes) in /home/intheexp/atn.bigskyheathen.com/wp-admin/includes/theme.php on line 494

2022-01-22T12:05:06+00:00 CRITICAL Allowed memory size of 134217728 bytes exhausted (tried to allocate 10485760 bytes) in /home/intheexp/atn.bigskyheathen.com/wp-admin/includes/theme.php on line 494

2022-01-22T12:10:22+00:00 CRITICAL Allowed memory size of 134217728 bytes exhausted (tried to allocate 10485760 bytes) in /home/intheexp/atn.bigskyheathen.com/wp-admin/includes/theme.php on line 494

2022-01-22T12:15:33+00:00 CRITICAL Allowed memory size of 134217728 bytes exhausted (tried to allocate 10485760 bytes) in /home/intheexp/atn.bigskyheathen.com/wp-admin/includes/theme.php on line 494

2022-01-22T12:25:53+00:00 CRITICAL Allowed memory size of 134217728 bytes exhausted (tried to allocate 10485760 bytes) in /home/intheexp/atn.bigskyheathen.com/wp-admin/includes/theme.php on line 494

2022-01-22T12:35:08+00:00 CRITICAL Allowed memory size of 134217728 bytes exhausted (tried to allocate 10485760 bytes) in /home/intheexp/atn.bigskyheathen.com/wp-admin/includes/template.php on line 786

2022-01-22T12:36:18+00:00 CRITICAL Allowed memory size of 134217728 bytes exhausted (tried to allocate 10485760 bytes) in /home/intheexp/atn.bigskyheathen.com/wp-admin/includes/theme.php on line 494

2022-01-22T12:46:33+00:00 CRITICAL Allowed memory size of 134217728 bytes exhausted (tried to allocate 10485760 bytes) in /home/intheexp/atn.bigskyheathen.com/wp-admin/includes/theme.php on line 494

2022-01-22T12:54:49+00:00 CRITICAL Allowed memory size of 134217728 bytes exhausted (tried to allocate 10485760 bytes) in /home/intheexp/atn.bigskyheathen.com/wp-admin/includes/template.php on line 481

2022-01-22T12:54:53+00:00 CRITICAL Allowed memory size of 134217728 bytes exhausted (tried to allocate 10485760 bytes) in /home/intheexp/atn.bigskyheathen.com/wp-admin/includes/template.php on line 481

2022-01-22T12:54:57+00:00 CRITICAL Allowed memory size of 134217728 bytes exhausted (tried to allocate 10485760 bytes) in /home/intheexp/atn.bigskyheathen.com/wp-admin/includes/template.php on line 481

2022-01-22T12:55:02+00:00 CRITICAL Allowed memory size of 134217728 bytes exhausted (tried to allocate 10485760 bytes) in /home/intheexp/atn.bigskyheathen.com/wp-admin/includes/template.php on line 481

2022-01-22T12:55:07+00:00 CRITICAL Allowed memory size of 134217728 bytes exhausted (tried to allocate 10485760 bytes) in /home/intheexp/atn.bigskyheathen.com/wp-admin/includes/template.php on line 476

2022-01-22T12:55:12+00:00 CRITICAL Allowed memory size of 134217728 bytes exhausted (tried to allocate 10485760 bytes) in /home/intheexp/atn.bigskyheathen.com/wp-admin/includes/template.php on line 476

2022-01-22T12:55:15+00:00 CRITICAL Allowed memory size of 134217728 bytes exhausted (tried to allocate 10485760 bytes) in /home/intheexp/atn.bigskyheathen.com/wp-admin/includes/template.php on line 476

2022-01-22T12:55:19+00:00 CRITICAL Allowed memory size of 134217728 bytes exhausted (tried to allocate 10485760 bytes) in /home/intheexp/atn.bigskyheathen.com/wp-admin/includes/template.php on line 476

2022-01-22T12:55:22+00:00 CRITICAL Allowed memory size of 134217728 bytes exhausted (tried to allocate 10485760 bytes) in /home/intheexp/atn.bigskyheathen.com/wp-admin/includes/theme.php on line 209

2022-01-22T12:55:24+00:00 CRITICAL Allowed memory size of 134217728 bytes exhausted (tried to allocate 10485760 bytes) in /home/intheexp/atn.bigskyheathen.com/wp-admin/includes/template.php on line 476

2022-01-22T12:55:26+00:00 CRITICAL Allowed memory size of 134217728 bytes exhausted (tried to allocate 10485760 bytes) in /home/intheexp/atn.bigskyheathen.com/wp-admin/includes/template.php on line 551

2022-01-22T12:55:29+00:00 CRITICAL Allowed memory size of 134217728 bytes exhausted (tried to allocate 10485760 bytes) in /home/intheexp/atn.bigskyheathen.com/wp-admin/includes/template.php on line 476

2022-01-22T12:55:33+00:00 CRITICAL Allowed memory size of 134217728 bytes exhausted (tried to allocate 10485760 bytes) in /home/intheexp/atn.bigskyheathen.com/wp-admin/includes/template.php on line 476

2022-01-22T12:55:38+00:00 CRITICAL Allowed memory size of 134217728 bytes exhausted (tried to allocate 10485760 bytes) in /home/intheexp/atn.bigskyheathen.com/wp-admin/includes/template.php on line 447

2022-01-22T12:55:42+00:00 CRITICAL Allowed memory size of 134217728 bytes exhausted (tried to allocate 10485760 bytes) in /home/intheexp/atn.bigskyheathen.com/wp-admin/includes/template.php on line 476

2022-01-22T12:55:49+00:00 CRITICAL Allowed memory size of 134217728 bytes exhausted (tried to allocate 10485760 bytes) in /home/intheexp/atn.bigskyheathen.com/wp-admin/includes/template.php on line 481

2022-01-22T12:55:56+00:00 CRITICAL Allowed memory size of 134217728 bytes exhausted (tried to allocate 10485760 bytes) in /home/intheexp/atn.bigskyheathen.com/wp-admin/includes/template.php on line 447

2022-01-22T12:56:01+00:00 CRITICAL Allowed memory size of 134217728 bytes exhausted (tried to allocate 10485760 bytes) in /home/intheexp/atn.bigskyheathen.com/wp-admin/includes/template.php on line 376

2022-01-22T12:56:06+00:00 CRITICAL Allowed memory size of 134217728 bytes exhausted (tried to allocate 10485760 bytes) in /home/intheexp/atn.bigskyheathen.com/wp-admin/includes/theme.php on line 519

2022-01-22T12:56:11+00:00 CRITICAL Allowed memory size of 134217728 bytes exhausted (tried to allocate 10485760 bytes) in /home/intheexp/atn.bigskyheathen.com/wp-admin/includes/template.php on line 481

2022-01-22T12:56:15+00:00 CRITICAL Allowed memory size of 134217728 bytes exhausted (tried to allocate 10485760 bytes) in /home/intheexp/atn.bigskyheathen.com/wp-admin/includes/template.php on line 481

2022-01-22T12:56:19+00:00 CRITICAL Allowed memory size of 134217728 bytes exhausted (tried to allocate 10485760 bytes) in /home/intheexp/atn.bigskyheathen.com/wp-admin/includes/template.php on line 481

2022-01-22T12:56:24+00:00 CRITICAL Allowed memory size of 134217728 bytes exhausted (tried to allocate 10485760 bytes) in /home/intheexp/atn.bigskyheathen.com/wp-admin/includes/template.php on line 481

2022-01-22T12:56:26+00:00 CRITICAL Allowed memory size of 134217728 bytes exhausted (tried to allocate 10485760 bytes) in /home/intheexp/atn.bigskyheathen.com/wp-admin/includes/template.php on line 476

2022-01-22T12:56:28+00:00 CRITICAL Allowed memory size of 134217728 bytes exhausted (tried to allocate 10485760 bytes) in /home/intheexp/atn.bigskyheathen.com/wp-admin/includes/template.php on line 447

2022-01-22T12:56:30+00:00 CRITICAL Allowed memory size of 134217728 bytes exhausted (tried to allocate 10485760 bytes) in /home/intheexp/atn.bigskyheathen.com/wp-admin/includes/template.php on line 476

2022-01-22T12:56:33+00:00 CRITICAL Allowed memory size of 134217728 bytes exhausted (tried to allocate 10485760 bytes) in /home/intheexp/atn.bigskyheathen.com/wp-admin/includes/template.php on line 476

2022-01-22T12:56:35+00:00 CRITICAL Allowed memory size of 134217728 bytes exhausted (tried to allocate 10485760 bytes) in /home/intheexp/atn.bigskyheathen.com/wp-admin/includes/template.php on line 476

2022-01-22T12:56:41+00:00 CRITICAL Allowed memory size of 134217728 bytes exhausted (tried to allocate 10485760 bytes) in /home/intheexp/atn.bigskyheathen.com/wp-content/plugins/elementor-pro/modules/forms/submissions/database/query.php on line 155

2022-01-22T12:56:46+00:00 CRITICAL Allowed memory size of 134217728 bytes exhausted (tried to allocate 10485760 bytes) in /home/intheexp/atn.bigskyheathen.com/wp-content/plugins/elementor-pro/modules/forms/submissions/database/query.php on line 155

2022-01-22T12:56:48+00:00 CRITICAL Allowed memory size of 134217728 bytes exhausted (tried to allocate 10485760 bytes) in /home/intheexp/atn.bigskyheathen.com/wp-admin/includes/template.php on line 476

2022-01-22T13:16:44+00:00 CRITICAL Allowed memory size of 134217728 bytes exhausted (tried to allocate 10485760 bytes) in /home/intheexp/atn.bigskyheathen.com/wp-admin/includes/template.php on line 786

2022-01-22T13:17:47+00:00 CRITICAL Allowed memory size of 134217728 bytes exhausted (tried to allocate 10485760 bytes) in /home/intheexp/atn.bigskyheathen.com/wp-admin/includes/template.php on line 472

2022-01-22T13:22:50+00:00 CRITICAL Allowed memory size of 134217728 bytes exhausted (tried to allocate 10485760 bytes) in /home/intheexp/atn.bigskyheathen.com/wp-admin/includes/theme.php on line 494

2022-01-22T13:28:03+00:00 CRITICAL Allowed memory size of 134217728 bytes exhausted (tried to allocate 10485760 bytes) in /home/intheexp/atn.bigskyheathen.com/wp-admin/includes/theme.php on line 494

2022-01-22T13:37:33+00:00 CRITICAL Allowed memory size of 134217728 bytes exhausted (tried to allocate 10485760 bytes) in /home/intheexp/atn.bigskyheathen.com/wp-admin/includes/template.php on line 786

2022-01-22T13:38:23+00:00 CRITICAL Allowed memory size of 134217728 bytes exhausted (tried to allocate 10485760 bytes) in /home/intheexp/atn.bigskyheathen.com/wp-admin/includes/theme.php on line 494

2022-01-22T13:48:43+00:00 CRITICAL Allowed memory size of 134217728 bytes exhausted (tried to allocate 10485760 bytes) in /home/intheexp/atn.bigskyheathen.com/wp-admin/includes/theme.php on line 494

2022-01-22T13:53:52+00:00 CRITICAL Allowed memory size of 134217728 bytes exhausted (tried to allocate 10485760 bytes) in /home/intheexp/atn.bigskyheathen.com/wp-admin/includes/theme.php on line 494

2022-01-22T13:59:06+00:00 CRITICAL Allowed memory size of 134217728 bytes exhausted (tried to allocate 10485760 bytes) in /home/intheexp/atn.bigskyheathen.com/wp-admin/includes/theme.php on line 494

2022-01-22T14:14:38+00:00 CRITICAL Allowed memory size of 134217728 bytes exhausted (tried to allocate 10485760 bytes) in /home/intheexp/atn.bigskyheathen.com/wp-admin/includes/theme.php on line 494

2022-01-22T14:29:58+00:00 CRITICAL Allowed memory size of 134217728 bytes exhausted (tried to allocate 10485760 bytes) in /home/intheexp/atn.bigskyheathen.com/wp-admin/includes/theme.php on line 494

2022-01-22T14:34:25+00:00 CRITICAL Allowed memory size of 134217728 bytes exhausted (tried to allocate 10485760 bytes) in /home/intheexp/atn.bigskyheathen.com/wp-admin/includes/template.php on line 786

2022-01-22T14:35:05+00:00 CRITICAL Allowed memory size of 134217728 bytes exhausted (tried to allocate 10485760 bytes) in /home/intheexp/atn.bigskyheathen.com/wp-admin/includes/theme.php on line 494

2022-01-22T14:45:21+00:00 CRITICAL Allowed memory size of 134217728 bytes exhausted (tried to allocate 10485760 bytes) in /home/intheexp/atn.bigskyheathen.com/wp-admin/includes/template.php on line 472

2022-01-22T14:50:40+00:00 CRITICAL Allowed memory size of 134217728 bytes exhausted (tried to allocate 10485760 bytes) in /home/intheexp/atn.bigskyheathen.com/wp-admin/includes/theme.php on line 494

2022-01-22T15:11:05+00:00 CRITICAL Allowed memory size of 134217728 bytes exhausted (tried to allocate 10485760 bytes) in /home/intheexp/atn.bigskyheathen.com/wp-admin/includes/theme.php on line 494

2022-01-22T15:16:10+00:00 CRITICAL Allowed memory size of 134217728 bytes exhausted (tried to allocate 10485760 bytes) in /home/intheexp/atn.bigskyheathen.com/wp-admin/includes/theme.php on line 494

2022-01-22T15:21:19+00:00 CRITICAL Allowed memory size of 134217728 bytes exhausted (tried to allocate 10485760 bytes) in /home/intheexp/atn.bigskyheathen.com/wp-admin/includes/theme.php on line 494

2022-01-22T15:26:21+00:00 CRITICAL Allowed memory size of 134217728 bytes exhausted (tried to allocate 10485760 bytes) in /home/intheexp/atn.bigskyheathen.com/wp-admin/includes/theme.php on line 494

2022-01-22T15:29:34+00:00 CRITICAL Allowed memory size of 134217728 bytes exhausted (tried to allocate 10485760 bytes) in /home/intheexp/atn.bigskyheathen.com/wp-admin/includes/template.php on line 786

2022-01-22T15:31:33+00:00 CRITICAL Allowed memory size of 134217728 bytes exhausted (tried to allocate 10485760 bytes) in /home/intheexp/atn.bigskyheathen.com/wp-admin/includes/theme.php on line 494

2022-01-22T15:36:40+00:00 CRITICAL Allowed memory size of 134217728 bytes exhausted (tried to allocate 10485760 bytes) in /home/intheexp/atn.bigskyheathen.com/wp-admin/includes/theme.php on line 494

2022-01-22T15:41:46+00:00 CRITICAL Allowed memory size of 134217728 bytes exhausted (tried to allocate 10485760 bytes) in /home/intheexp/atn.bigskyheathen.com/wp-admin/includes/template.php on line 476

2022-01-22T15:52:02+00:00 CRITICAL Allowed memory size of 134217728 bytes exhausted (tried to allocate 10485760 bytes) in /home/intheexp/atn.bigskyheathen.com/wp-admin/includes/template.php on line 472

2022-01-22T15:57:06+00:00 CRITICAL Allowed memory size of 134217728 bytes exhausted (tried to allocate 10485760 bytes) in /home/intheexp/atn.bigskyheathen.com/wp-admin/includes/template.php on line 472

2022-01-22T16:07:01+00:00 CRITICAL Allowed memory size of 134217728 bytes exhausted (tried to allocate 10485760 bytes) in /home/intheexp/atn.bigskyheathen.com/wp-admin/includes/theme.php on line 229

2022-01-22T16:07:03+00:00 CRITICAL Allowed memory size of 134217728 bytes exhausted (tried to allocate 10485760 bytes) in /home/intheexp/atn.bigskyheathen.com/wp-admin/includes/theme.php on line 229

2022-01-22T16:07:06+00:00 CRITICAL Allowed memory size of 134217728 bytes exhausted (tried to allocate 10485760 bytes) in /home/intheexp/atn.bigskyheathen.com/wp-content/plugins/elementor/includes/conditions.php on line 77

2022-01-22T16:07:08+00:00 CRITICAL Allowed memory size of 134217728 bytes exhausted (tried to allocate 10485760 bytes) in /home/intheexp/atn.bigskyheathen.com/wp-admin/includes/theme.php on line 229

2022-01-22T16:07:10+00:00 CRITICAL Allowed memory size of 134217728 bytes exhausted (tried to allocate 10485760 bytes) in /home/intheexp/atn.bigskyheathen.com/wp-admin/includes/theme.php on line 229

2022-01-22T16:07:12+00:00 CRITICAL Allowed memory size of 134217728 bytes exhausted (tried to allocate 10485760 bytes) in /home/intheexp/atn.bigskyheathen.com/wp-admin/includes/theme.php on line 229

2022-01-22T16:07:15+00:00 CRITICAL Allowed memory size of 134217728 bytes exhausted (tried to allocate 10485760 bytes) in /home/intheexp/atn.bigskyheathen.com/wp-admin/includes/theme.php on line 229

2022-01-22T16:07:17+00:00 CRITICAL Allowed memory size of 134217728 bytes exhausted (tried to allocate 10485760 bytes) in /home/intheexp/atn.bigskyheathen.com/wp-admin/includes/theme.php on line 229

2022-01-22T16:07:23+00:00 CRITICAL Allowed memory size of 134217728 bytes exhausted (tried to allocate 10485760 bytes) in /home/intheexp/atn.bigskyheathen.com/wp-admin/includes/theme.php on line 229

2022-01-22T16:07:26+00:00 CRITICAL Allowed memory size of 134217728 bytes exhausted (tried to allocate 10485760 bytes) in /home/intheexp/atn.bigskyheathen.com/wp-admin/includes/theme.php on line 229

2022-01-22T16:07:28+00:00 CRITICAL Allowed memory size of 134217728 bytes exhausted (tried to allocate 10485760 bytes) in /home/intheexp/atn.bigskyheathen.com/wp-admin/includes/theme.php on line 229

2022-01-22T16:07:30+00:00 CRITICAL Allowed memory size of 134217728 bytes exhausted (tried to allocate 10485760 bytes) in /home/intheexp/atn.bigskyheathen.com/wp-admin/includes/theme.php on line 229

2022-01-22T16:07:32+00:00 CRITICAL Allowed memory size of 134217728 bytes exhausted (tried to allocate 10485760 bytes) in /home/intheexp/atn.bigskyheathen.com/wp-admin/includes/theme.php on line 229

2022-01-22T16:07:34+00:00 CRITICAL Allowed memory size of 134217728 bytes exhausted (tried to allocate 10485760 bytes) in /home/intheexp/atn.bigskyheathen.com/wp-admin/includes/theme.php on line 229

2022-01-22T16:07:37+00:00 CRITICAL Allowed memory size of 134217728 bytes exhausted (tried to allocate 10485760 bytes) in /home/intheexp/atn.bigskyheathen.com/wp-admin/includes/theme.php on line 229

2022-01-22T16:07:39+00:00 CRITICAL Allowed memory size of 134217728 bytes exhausted (tried to allocate 10485760 bytes) in /home/intheexp/atn.bigskyheathen.com/wp-admin/includes/theme.php on line 229

2022-01-22T16:07:41+00:00 CRITICAL Allowed memory size of 134217728 bytes exhausted (tried to allocate 10485760 bytes) in /home/intheexp/atn.bigskyheathen.com/wp-admin/includes/theme.php on line 229

2022-01-22T16:12:20+00:00 CRITICAL Allowed memory size of 134217728 bytes exhausted (tried to allocate 10485760 bytes) in /home/intheexp/atn.bigskyheathen.com/wp-admin/includes/theme.php on line 748

2022-01-22T16:17:26+00:00 CRITICAL Allowed memory size of 134217728 bytes exhausted (tried to allocate 10485760 bytes) in /home/intheexp/atn.bigskyheathen.com/wp-admin/includes/template.php on line 534

2022-01-22T16:22:34+00:00 CRITICAL Allowed memory size of 134217728 bytes exhausted (tried to allocate 10485760 bytes) in /home/intheexp/atn.bigskyheathen.com/wp-admin/includes/template.php on line 534

2022-01-22T16:31:17+00:00 CRITICAL Allowed memory size of 134217728 bytes exhausted (tried to allocate 10485760 bytes) in /home/intheexp/atn.bigskyheathen.com/wp-admin/includes/template.php on line 826

2022-01-22T16:33:42+00:00 CRITICAL Allowed memory size of 134217728 bytes exhausted (tried to allocate 10485760 bytes) in /home/intheexp/atn.bigskyheathen.com/wp-admin/includes/template.php on line 536

2022-01-22T16:33:47+00:00 CRITICAL Allowed memory size of 134217728 bytes exhausted (tried to allocate 10485760 bytes) in /home/intheexp/atn.bigskyheathen.com/wp-admin/includes/template.php on line 536

2022-01-22T16:33:52+00:00 CRITICAL Allowed memory size of 134217728 bytes exhausted (tried to allocate 10485760 bytes) in /home/intheexp/atn.bigskyheathen.com/wp-admin/includes/template.php on line 536

2022-01-22T16:33:56+00:00 CRITICAL Allowed memory size of 134217728 bytes exhausted (tried to allocate 10485760 bytes) in /home/intheexp/atn.bigskyheathen.com/wp-admin/includes/template.php on line 536

2022-01-22T16:34:01+00:00 CRITICAL Allowed memory size of 134217728 bytes exhausted (tried to allocate 10485760 bytes) in /home/intheexp/atn.bigskyheathen.com/wp-admin/includes/template.php on line 534

2022-01-22T16:34:08+00:00 CRITICAL Allowed memory size of 134217728 bytes exhausted (tried to allocate 10485760 bytes) in /home/intheexp/atn.bigskyheathen.com/wp-admin/includes/template.php on line 534

2022-01-22T16:34:11+00:00 CRITICAL Allowed memory size of 134217728 bytes exhausted (tried to allocate 10485760 bytes) in /home/intheexp/atn.bigskyheathen.com/wp-admin/includes/template.php on line 534

2022-01-22T16:34:15+00:00 CRITICAL Allowed memory size of 134217728 bytes exhausted (tried to allocate 10485760 bytes) in /home/intheexp/atn.bigskyheathen.com/wp-admin/includes/template.php on line 534

2022-01-22T16:34:18+00:00 CRITICAL Allowed memory size of 134217728 bytes exhausted (tried to allocate 10485760 bytes) in /home/intheexp/atn.bigskyheathen.com/wp-admin/includes/theme.php on line 318

2022-01-22T16:34:21+00:00 CRITICAL Allowed memory size of 134217728 bytes exhausted (tried to allocate 10485760 bytes) in /home/intheexp/atn.bigskyheathen.com/wp-admin/includes/template.php on line 534

2022-01-22T16:34:23+00:00 CRITICAL Allowed memory size of 134217728 bytes exhausted (tried to allocate 10485760 bytes) in /home/intheexp/atn.bigskyheathen.com/wp-admin/includes/template.php on line 642

2022-01-22T16:34:30+00:00 CRITICAL Allowed memory size of 134217728 bytes exhausted (tried to allocate 10485760 bytes) in /home/intheexp/atn.bigskyheathen.com/wp-admin/includes/template.php on line 534

2022-01-22T16:34:35+00:00 CRITICAL Allowed memory size of 134217728 bytes exhausted (tried to allocate 10485760 bytes) in /home/intheexp/atn.bigskyheathen.com/wp-admin/includes/template.php on line 495

2022-01-22T16:34:40+00:00 CRITICAL Allowed memory size of 134217728 bytes exhausted (tried to allocate 10485760 bytes) in /home/intheexp/atn.bigskyheathen.com/wp-admin/includes/template.php on line 534

2022-01-22T16:34:47+00:00 CRITICAL Allowed memory size of 134217728 bytes exhausted (tried to allocate 10485760 bytes) in /home/intheexp/atn.bigskyheathen.com/wp-admin/includes/template.php on line 536

2022-01-22T16:34:54+00:00 CRITICAL Allowed memory size of 134217728 bytes exhausted (tried to allocate 10485760 bytes) in /home/intheexp/atn.bigskyheathen.com/wp-admin/includes/template.php on line 496

2022-01-22T16:34:56+00:00 CRITICAL Allowed memory size of 134217728 bytes exhausted (tried to allocate 10485760 bytes) in /home/intheexp/atn.bigskyheathen.com/wp-admin/includes/theme.php on line 318

2022-01-22T16:34:59+00:00 CRITICAL Allowed memory size of 134217728 bytes exhausted (tried to allocate 10485760 bytes) in /home/intheexp/atn.bigskyheathen.com/wp-admin/includes/template.php on line 464

2022-01-22T16:35:02+00:00 CRITICAL Allowed memory size of 134217728 bytes exhausted (tried to allocate 10485760 bytes) in /home/intheexp/atn.bigskyheathen.com/wp-admin/includes/theme.php on line 318

2022-01-22T16:35:05+00:00 CRITICAL Allowed memory size of 134217728 bytes exhausted (tried to allocate 10485760 bytes) in /home/intheexp/atn.bigskyheathen.com/wp-admin/includes/theme.php on line 751

2022-01-22T16:35:08+00:00 CRITICAL Allowed memory size of 134217728 bytes exhausted (tried to allocate 10485760 bytes) in /home/intheexp/atn.bigskyheathen.com/wp-admin/includes/theme.php on line 318

2022-01-22T16:35:11+00:00 CRITICAL Allowed memory size of 134217728 bytes exhausted (tried to allocate 10485760 bytes) in /home/intheexp/atn.bigskyheathen.com/wp-admin/includes/template.php on line 536

2022-01-22T16:35:17+00:00 CRITICAL Allowed memory size of 134217728 bytes exhausted (tried to allocate 10485760 bytes) in /home/intheexp/atn.bigskyheathen.com/wp-admin/includes/template.php on line 536

2022-01-22T16:35:19+00:00 CRITICAL Allowed memory size of 134217728 bytes exhausted (tried to allocate 10485760 bytes) in /home/intheexp/atn.bigskyheathen.com/wp-admin/includes/theme.php on line 318

2022-01-22T16:35:22+00:00 CRITICAL Allowed memory size of 134217728 bytes exhausted (tried to allocate 10485760 bytes) in /home/intheexp/atn.bigskyheathen.com/wp-admin/includes/template.php on line 536

2022-01-22T16:35:24+00:00 CRITICAL Allowed memory size of 134217728 bytes exhausted (tried to allocate 10485760 bytes) in /home/intheexp/atn.bigskyheathen.com/wp-admin/includes/theme.php on line 318

2022-01-22T16:35:27+00:00 CRITICAL Allowed memory size of 134217728 bytes exhausted (tried to allocate 10485760 bytes) in /home/intheexp/atn.bigskyheathen.com/wp-admin/includes/template.php on line 536

2022-01-22T16:35:29+00:00 CRITICAL Allowed memory size of 134217728 bytes exhausted (tried to allocate 10485760 bytes) in /home/intheexp/atn.bigskyheathen.com/wp-admin/includes/template.php on line 534

2022-01-22T16:35:31+00:00 CRITICAL Allowed memory size of 134217728 bytes exhausted (tried to allocate 10485760 bytes) in /home/intheexp/atn.bigskyheathen.com/wp-admin/includes/template.php on line 496

2022-01-22T16:35:34+00:00 CRITICAL Allowed memory size of 134217728 bytes exhausted (tried to allocate 10485760 bytes) in /home/intheexp/atn.bigskyheathen.com/wp-admin/includes/template.php on line 534

2022-01-22T16:35:36+00:00 CRITICAL Allowed memory size of 134217728 bytes exhausted (tried to allocate 10485760 bytes) in /home/intheexp/atn.bigskyheathen.com/wp-admin/includes/template.php on line 534

2022-01-22T16:35:38+00:00 CRITICAL Allowed memory size of 134217728 bytes exhausted (tried to allocate 10485760 bytes) in /home/intheexp/atn.bigskyheathen.com/wp-admin/includes/template.php on line 534

2022-01-22T16:37:56+00:00 CRITICAL Allowed memory size of 134217728 bytes exhausted (tried to allocate 10485760 bytes) in /home/intheexp/atn.bigskyheathen.com/wp-admin/includes/template.php on line 534

2022-01-22T16:48:14+00:00 CRITICAL Allowed memory size of 134217728 bytes exhausted (tried to allocate 10485760 bytes) in /home/intheexp/atn.bigskyheathen.com/wp-admin/includes/theme.php on line 748

2022-01-22T16:49:10+00:00 CRITICAL Allowed memory size of 134217728 bytes exhausted (tried to allocate 10485760 bytes) in /home/intheexp/atn.bigskyheathen.com/wp-admin/includes/template.php on line 496

2022-01-22T16:53:17+00:00 CRITICAL Allowed memory size of 134217728 bytes exhausted (tried to allocate 10485760 bytes) in /home/intheexp/atn.bigskyheathen.com/wp-admin/includes/template.php on line 321

2022-01-22T16:53:24+00:00 CRITICAL Allowed memory size of 134217728 bytes exhausted (tried to allocate 10485760 bytes) in /home/intheexp/atn.bigskyheathen.com/wp-admin/includes/template.php on line 534

2022-01-22T16:58:37+00:00 CRITICAL Allowed memory size of 134217728 bytes exhausted (tried to allocate 10485760 bytes) in /home/intheexp/atn.bigskyheathen.com/wp-admin/includes/template.php on line 534

2022-01-22T17:00:04+00:00 CRITICAL Allowed memory size of 134217728 bytes exhausted (tried to allocate 10485760 bytes) in /home/intheexp/atn.bigskyheathen.com/wp-admin/includes/template.php on line 494

2022-01-22T17:00:04+00:00 CRITICAL Allowed memory size of 134217728 bytes exhausted (tried to allocate 10485760 bytes) in /home/intheexp/atn.bigskyheathen.com/wp-admin/includes/theme.php on line 627

2022-01-22T17:00:07+00:00 CRITICAL Allowed memory size of 134217728 bytes exhausted (tried to allocate 10485760 bytes) in /home/intheexp/atn.bigskyheathen.com/wp-admin/includes/template.php on line 495

2022-01-22T17:00:09+00:00 CRITICAL Allowed memory size of 134217728 bytes exhausted (tried to allocate 10485760 bytes) in /home/intheexp/atn.bigskyheathen.com/wp-admin/includes/template.php on line 494

2022-01-22T17:00:11+00:00 CRITICAL Allowed memory size of 134217728 bytes exhausted (tried to allocate 10485760 bytes) in /home/intheexp/atn.bigskyheathen.com/wp-admin/includes/template.php on line 495

2022-01-22T17:00:14+00:00 CRITICAL Allowed memory size of 134217728 bytes exhausted (tried to allocate 10485760 bytes) in /home/intheexp/atn.bigskyheathen.com/wp-admin/includes/template.php on line 495

2022-01-22T17:04:05+00:00 CRITICAL Allowed memory size of 134217728 bytes exhausted (tried to allocate 10485760 bytes) in /home/intheexp/atn.bigskyheathen.com/wp-admin/includes/template.php on line 326

2022-01-22T17:09:06+00:00 CRITICAL Allowed memory size of 134217728 bytes exhausted (tried to allocate 10485760 bytes) in /home/intheexp/atn.bigskyheathen.com/wp-admin/includes/theme.php on line 748

2022-01-22T17:14:17+00:00 CRITICAL Allowed memory size of 134217728 bytes exhausted (tried to allocate 10485760 bytes) in /home/intheexp/atn.bigskyheathen.com/wp-admin/includes/theme.php on line 748

2022-01-22T17:19:34+00:00 CRITICAL Allowed memory size of 134217728 bytes exhausted (tried to allocate 10485760 bytes) in /home/intheexp/atn.bigskyheathen.com/wp-admin/includes/template.php on line 534

2022-01-22T17:24:10+00:00 CRITICAL Allowed memory size of 134217728 bytes exhausted (tried to allocate 10485760 bytes) in /home/intheexp/atn.bigskyheathen.com/wp-admin/includes/template.php on line 826

2022-01-22T17:24:52+00:00 CRITICAL Allowed memory size of 134217728 bytes exhausted (tried to allocate 10485760 bytes) in /home/intheexp/atn.bigskyheathen.com/wp-admin/includes/template.php on line 534

2022-01-22T17:30:15+00:00 CRITICAL Allowed memory size of 134217728 bytes exhausted (tried to allocate 10485760 bytes) in /home/intheexp/atn.bigskyheathen.com/wp-admin/includes/template.php on line 534

2022-01-22T17:35:35+00:00 CRITICAL Allowed memory size of 134217728 bytes exhausted (tried to allocate 10485760 bytes) in /home/intheexp/atn.bigskyheathen.com/wp-admin/includes/theme.php on line 748

2022-01-22T17:40:21+00:00 CRITICAL Allowed memory size of 134217728 bytes exhausted (tried to allocate 10485760 bytes) in /home/intheexp/atn.bigskyheathen.com/wp-admin/includes/template.php on line 743

2022-01-22T17:46:12+00:00 CRITICAL Allowed memory size of 134217728 bytes exhausted (tried to allocate 10485760 bytes) in /home/intheexp/atn.bigskyheathen.com/wp-admin/includes/theme.php on line 748

2022-01-22T17:51:53+00:00 CRITICAL Allowed memory size of 134217728 bytes exhausted (tried to allocate 10485760 bytes) in /home/intheexp/atn.bigskyheathen.com/wp-content/plugins/elementor/core/responsive/responsive.php on line 39

2022-01-22T17:56:59+00:00 CRITICAL Allowed memory size of 134217728 bytes exhausted (tried to allocate 10485760 bytes) in /home/intheexp/atn.bigskyheathen.com/wp-admin/includes/theme.php on line 748

2022-01-22T18:02:22+00:00 CRITICAL Allowed memory size of 134217728 bytes exhausted (tried to allocate 10485760 bytes) in /home/intheexp/atn.bigskyheathen.com/wp-admin/includes/theme.php on line 748

2022-01-22T18:02:31+00:00 CRITICAL Allowed memory size of 134217728 bytes exhausted (tried to allocate 10485760 bytes) in /home/intheexp/atn.bigskyheathen.com/wp-admin/includes/template.php on line 495

2022-01-22T18:13:19+00:00 CRITICAL Allowed memory size of 134217728 bytes exhausted (tried to allocate 10485760 bytes) in /home/intheexp/atn.bigskyheathen.com/wp-admin/includes/template.php on line 534

2022-01-22T18:14:57+00:00 CRITICAL Allowed memory size of 134217728 bytes exhausted (tried to allocate 10485760 bytes) in /home/intheexp/atn.bigskyheathen.com/wp-admin/includes/template.php on line 740

2022-01-22T18:18:43+00:00 CRITICAL Allowed memory size of 134217728 bytes exhausted (tried to allocate 10485760 bytes) in /home/intheexp/atn.bigskyheathen.com/wp-admin/includes/theme.php on line 748

2022-01-22T18:24:13+00:00 CRITICAL Allowed memory size of 134217728 bytes exhausted (tried to allocate 10485760 bytes) in /home/intheexp/atn.bigskyheathen.com/wp-admin/includes/theme.php on line 748

2022-01-22T18:24:21+00:00 CRITICAL Allowed memory size of 134217728 bytes exhausted (tried to allocate 10485760 bytes) in /home/intheexp/atn.bigskyheathen.com/wp-admin/includes/template.php on line 2029

2022-01-22T18:35:35+00:00 CRITICAL Allowed memory size of 134217728 bytes exhausted (tried to allocate 10485760 bytes) in /home/intheexp/atn.bigskyheathen.com/wp-admin/includes/theme.php on line 748

2022-01-22T18:41:17+00:00 CRITICAL Allowed memory size of 134217728 bytes exhausted (tried to allocate 10485760 bytes) in /home/intheexp/atn.bigskyheathen.com/wp-admin/includes/theme.php on line 748

2022-01-22T18:46:55+00:00 CRITICAL Allowed memory size of 134217728 bytes exhausted (tried to allocate 10485760 bytes) in /home/intheexp/atn.bigskyheathen.com/wp-admin/includes/theme.php on line 327

2022-01-22T18:47:05+00:00 CRITICAL Allowed memory size of 134217728 bytes exhausted (tried to allocate 10485760 bytes) in /home/intheexp/atn.bigskyheathen.com/wp-admin/includes/theme.php on line 748

2022-01-22T18:58:44+00:00 CRITICAL Allowed memory size of 134217728 bytes exhausted (tried to allocate 10485760 bytes) in /home/intheexp/atn.bigskyheathen.com/wp-admin/includes/theme.php on line 748

2022-01-22T19:04:37+00:00 CRITICAL Allowed memory size of 134217728 bytes exhausted (tried to allocate 10485760 bytes) in /home/intheexp/atn.bigskyheathen.com/wp-admin/includes/theme.php on line 748

2022-01-22T19:10:49+00:00 CRITICAL Allowed memory size of 134217728 bytes exhausted (tried to allocate 10485760 bytes) in /home/intheexp/atn.bigskyheathen.com/wp-admin/includes/theme.php on line 748

2022-01-22T19:17:05+00:00 CRITICAL Allowed memory size of 134217728 bytes exhausted (tried to allocate 10485760 bytes) in /home/intheexp/atn.bigskyheathen.com/wp-admin/includes/theme.php on line 748

2022-01-22T19:17:21+00:00 CRITICAL Allowed memory size of 134217728 bytes exhausted (tried to allocate 10485760 bytes) in /home/intheexp/atn.bigskyheathen.com/wp-admin/includes/template.php on line 476

2022-01-22T19:17:50+00:00 CRITICAL Allowed memory size of 134217728 bytes exhausted (tried to allocate 10485760 bytes) in /home/intheexp/atn.bigskyheathen.com/wp-admin/includes/template.php on line 476

2022-01-22T19:21:06+00:00 CRITICAL Allowed memory size of 134217728 bytes exhausted (tried to allocate 10485760 bytes) in /home/intheexp/atn.bigskyheathen.com/wp-admin/includes/template.php on line 826

2022-01-22T19:23:37+00:00 CRITICAL Allowed memory size of 134217728 bytes exhausted (tried to allocate 10485760 bytes) in /home/intheexp/atn.bigskyheathen.com/wp-admin/includes/theme.php on line 748

2022-01-22T19:26:07+00:00 CRITICAL Allowed memory size of 134217728 bytes exhausted (tried to allocate 10485760 bytes) in /home/intheexp/atn.bigskyheathen.com/wp-admin/includes/theme.php on line 338

2022-01-22T19:30:01+00:00 CRITICAL Allowed memory size of 134217728 bytes exhausted (tried to allocate 10485760 bytes) in /home/intheexp/atn.bigskyheathen.com/wp-admin/includes/theme.php on line 748

2022-01-22T19:33:47+00:00 CRITICAL Allowed memory size of 134217728 bytes exhausted (tried to allocate 10485760 bytes) in /home/intheexp/atn.bigskyheathen.com/wp-admin/includes/template.php on line 1919

2022-01-22T19:42:41+00:00 CRITICAL Allowed memory size of 134217728 bytes exhausted (tried to allocate 10485760 bytes) in /home/intheexp/atn.bigskyheathen.com/wp-admin/includes/theme.php on line 748

2022-01-22T19:54:27+00:00 CRITICAL Allowed memory size of 134217728 bytes exhausted (tried to allocate 10485760 bytes) in /home/intheexp/atn.bigskyheathen.com/wp-admin/includes/theme.php on line 748

2022-01-22T19:54:57+00:00 CRITICAL Allowed memory size of 134217728 bytes exhausted (tried to allocate 10485760 bytes) in /home/intheexp/atn.bigskyheathen.com/wp-admin/includes/template.php on line 1917

2022-01-22T20:13:02+00:00 CRITICAL Allowed memory size of 134217728 bytes exhausted (tried to allocate 10485760 bytes) in /home/intheexp/atn.bigskyheathen.com/wp-admin/includes/theme.php on line 748

2022-01-22T20:17:16+00:00 CRITICAL Allowed memory size of 134217728 bytes exhausted (tried to allocate 10485760 bytes) in /home/intheexp/atn.bigskyheathen.com/wp-admin/includes/template.php on line 826

2022-01-22T20:26:02+00:00 CRITICAL Allowed memory size of 134217728 bytes exhausted (tried to allocate 10485760 bytes) in /home/intheexp/atn.bigskyheathen.com/wp-admin/includes/theme.php on line 748

2022-01-22T20:46:32+00:00 CRITICAL Allowed memory size of 134217728 bytes exhausted (tried to allocate 10485760 bytes) in /home/intheexp/atn.bigskyheathen.com/wp-admin/includes/theme.php on line 748

2022-01-22T21:25:55+00:00 CRITICAL Allowed memory size of 134217728 bytes exhausted (tried to allocate 10485760 bytes) in /home/intheexp/atn.bigskyheathen.com/wp-admin/includes/template.php on line 360

2022-01-22T21:32:59+00:00 CRITICAL Allowed memory size of 134217728 bytes exhausted (tried to allocate 10485760 bytes) in /home/intheexp/atn.bigskyheathen.com/wp-admin/includes/theme.php on line 318

2022-01-22T21:33:02+00:00 CRITICAL Allowed memory size of 134217728 bytes exhausted (tried to allocate 10485760 bytes) in /home/intheexp/atn.bigskyheathen.com/wp-admin/includes/template.php on line 534

2022-01-22T21:33:05+00:00 CRITICAL Allowed memory size of 134217728 bytes exhausted (tried to allocate 10485760 bytes) in /home/intheexp/atn.bigskyheathen.com/wp-admin/includes/theme.php on line 719

2022-01-22T21:33:57+00:00 CRITICAL Allowed memory size of 134217728 bytes exhausted (tried to allocate 10485760 bytes) in /home/intheexp/atn.bigskyheathen.com/wp-admin/includes/template.php on line 534

2022-01-22T21:42:53+00:00 CRITICAL Allowed memory size of 134217728 bytes exhausted (tried to allocate 10485760 bytes) in /home/intheexp/atn.bigskyheathen.com/wp-admin/includes/template.php on line 534

2022-01-22T22:00:52+00:00 CRITICAL Allowed memory size of 134217728 bytes exhausted (tried to allocate 10485760 bytes) in /home/intheexp/atn.bigskyheathen.com/wp-admin/includes/theme.php on line 748

2022-01-22T22:06:06+00:00 CRITICAL Allowed memory size of 134217728 bytes exhausted (tried to allocate 10485760 bytes) in /home/intheexp/atn.bigskyheathen.com/wp-admin/includes/template.php on line 826

2022-01-22T22:07:04+00:00 CRITICAL Allowed memory size of 134217728 bytes exhausted (tried to allocate 10485760 bytes) in /home/intheexp/atn.bigskyheathen.com/wp-admin/includes/template.php on line 696

2022-01-22T22:10:20+00:00 CRITICAL Allowed memory size of 134217728 bytes exhausted (tried to allocate 10485760 bytes) in /home/intheexp/atn.bigskyheathen.com/wp-admin/includes/theme.php on line 748

2022-01-22T22:14:42+00:00 CRITICAL Allowed memory size of 134217728 bytes exhausted (tried to allocate 10485760 bytes) in /home/intheexp/atn.bigskyheathen.com/wp-content/plugins/elementor/core/responsive/responsive.php on line 75

2022-01-22T22:14:59+00:00 CRITICAL Allowed memory size of 134217728 bytes exhausted (tried to allocate 10485760 bytes) in /home/intheexp/atn.bigskyheathen.com/wp-content/plugins/elementor/core/responsive/responsive.php on line 59

2022-01-22T22:15:49+00:00 CRITICAL Allowed memory size of 134217728 bytes exhausted (tried to allocate 10485760 bytes) in /home/intheexp/atn.bigskyheathen.com/wp-content/plugins/elementor/includes/conditions.php on line 16

2022-01-22T22:15:51+00:00 CRITICAL Allowed memory size of 134217728 bytes exhausted (tried to allocate 10485760 bytes) in /home/intheexp/atn.bigskyheathen.com/wp-content/plugins/elementor/core/settings/editor-preferences/model.php on line 12

2022-01-22T22:15:55+00:00 CRITICAL Allowed memory size of 134217728 bytes exhausted (tried to allocate 10485760 bytes) in /home/intheexp/atn.bigskyheathen.com/wp-content/plugins/elementor/core/settings/editor-preferences/model.php on line 12

2022-01-22T22:15:57+00:00 CRITICAL Allowed memory size of 134217728 bytes exhausted (tried to allocate 10485760 bytes) in /home/intheexp/atn.bigskyheathen.com/wp-content/plugins/elementor/includes/autoloader.php on line 286

2022-01-22T22:16:01+00:00 CRITICAL Allowed memory size of 134217728 bytes exhausted (tried to allocate 10485760 bytes) in /home/intheexp/atn.bigskyheathen.com/wp-admin/includes/template.php on line 551

2022-01-22T22:16:01+00:00 CRITICAL Allowed memory size of 134217728 bytes exhausted (tried to allocate 10485760 bytes) in /home/intheexp/atn.bigskyheathen.com/wp-admin/includes/template.php on line 551

2022-01-22T22:16:02+00:00 CRITICAL Allowed memory size of 134217728 bytes exhausted (tried to allocate 10485760 bytes) in /home/intheexp/atn.bigskyheathen.com/wp-admin/includes/template.php on line 551

2022-01-22T22:18:02+00:00 CRITICAL Allowed memory size of 134217728 bytes exhausted (tried to allocate 10485760 bytes) in /home/intheexp/atn.bigskyheathen.com/wp-includes/functions.php on line 624

2022-01-22T22:28:17+00:00 CRITICAL Allowed memory size of 134217728 bytes exhausted (tried to allocate 10485760 bytes) in /home/intheexp/atn.bigskyheathen.com/wp-admin/includes/theme.php on line 748

2022-01-22T22:57:46+00:00 CRITICAL Allowed memory size of 134217728 bytes exhausted (tried to allocate 10485760 bytes) in /home/intheexp/atn.bigskyheathen.com/wp-admin/includes/theme.php on line 748

2022-01-22T23:03:30+00:00 CRITICAL Allowed memory size of 134217728 bytes exhausted (tried to allocate 10485760 bytes) in /home/intheexp/atn.bigskyheathen.com/wp-admin/includes/template.php on line 826

2022-01-22T23:07:36+00:00 CRITICAL Allowed memory size of 134217728 bytes exhausted (tried to allocate 10485760 bytes) in /home/intheexp/atn.bigskyheathen.com/wp-admin/includes/theme.php on line 748

2022-01-22T23:17:36+00:00 CRITICAL Allowed memory size of 134217728 bytes exhausted (tried to allocate 10485760 bytes) in /home/intheexp/atn.bigskyheathen.com/wp-admin/includes/template.php on line 534

2022-01-22T23:21:31+00:00 CRITICAL Allowed memory size of 134217728 bytes exhausted (tried to allocate 10485760 bytes) in /home/intheexp/atn.bigskyheathen.com/wp-content/plugins/elementor/core/responsive/responsive.php on line 129

2022-01-22T23:27:35+00:00 CRITICAL Allowed memory size of 134217728 bytes exhausted (tried to allocate 10485760 bytes) in /home/intheexp/atn.bigskyheathen.com/wp-admin/includes/theme.php on line 229

2022-01-22T23:27:46+00:00 CRITICAL Allowed memory size of 134217728 bytes exhausted (tried to allocate 10485760 bytes) in /home/intheexp/atn.bigskyheathen.com/wp-admin/includes/template.php on line 534

2022-01-22T23:38:00+00:00 CRITICAL Allowed memory size of 134217728 bytes exhausted (tried to allocate 10485760 bytes) in /home/intheexp/atn.bigskyheathen.com/wp-admin/includes/template.php on line 534

2022-01-22T23:48:11+00:00 CRITICAL Allowed memory size of 134217728 bytes exhausted (tried to allocate 10485760 bytes) in /home/intheexp/atn.bigskyheathen.com/wp-admin/includes/theme.php on line 748

2022-01-22T23:56:10+00:00 CRITICAL Allowed memory size of 134217728 bytes exhausted (tried to allocate 10485760 bytes) in /home/intheexp/atn.bigskyheathen.com/wp-content/plugins/elementor/includes/shapes.php on line 134

2022-01-22T23:58:25+00:00 CRITICAL Allowed memory size of 134217728 bytes exhausted (tried to allocate 10485760 bytes) in /home/intheexp/atn.bigskyheathen.com/wp-admin/includes/theme.php on line 748

