2022-01-21T17:25:16+00:00 INFO Subscription Request Parameters: Array
(
    [method] => POST
    [uri] => https://api-3t.paypal.com/nvp
    [user-agent] => WooCommerce-Subscriptions-PayPal/3.1.6 (WooCommerce/6.1.1; WordPress/5.8.3)
    [headers] => Array
        (
        )

    [body] => Array
(
    [USER] => *********************************
    [PWD] => ****************
    [SIGNATURE] => ********************************************************
    [VERSION] => 124
    [METHOD] => SetExpressCheckout
    [L_BILLINGTYPE0] => MerchantInitiatedBillingSingleAgreement
    [L_BILLINGAGREEMENTDESCRIPTION0] => Orders with Awaken the North
    [RETURNURL] => https://www.awakenthenorth.org/wc-api/wcs_paypal/?action=reference_transaction_account_check
    [CANCELURL] => https://www.awakenthenorth.org/wc-api/wcs_paypal/?action=reference_transaction_account_check
    [BRANDNAME] => Awaken the North
    [LANDINGPAGE] => Login
    [NOSHIPPING] => 1
    [MAXAMT] => 0.00
)

    [duration] => 0.76047s
)

2022-01-21T17:25:16+00:00 INFO Subscription Request Response: Array
(
    [code] => 200
    [message] => OK
    [headers] => Requests_Utility_CaseInsensitiveDictionary Object
        (
            [data:protected] => Array
                (
                    [content-type] => text/plain; charset=utf-8
                    [content-length] => 293
                    [date] => Fri, 21 Jan 2022 17:25:16 GMT
                    [cache-control] => max-age=0, no-cache, no-store, must-revalidate
                    [caller_acct_num] => 33D75D81A9C56FA9D0A88C6741669CC46391429300DD30B2EF3B61F6A3F4CE5B
                    [paypal-debug-id] => 67bde52819c90
                    [x-paypal-api-rc] => 11452
                    [x-paypal-operation-name] => SetExpressCheckout
                    [x-slr-retry-api] => SetExpressCheckout
                    [strict-transport-security] => max-age=31536000; includeSubDomains
                )

        )

    [body] => Array
(
    [TIMESTAMP] => 2022-01-21T17:25:16Z
    [CORRELATIONID] => 67bde52819c90
    [ACK] => Failure
    [VERSION] => 124
    [BUILD] => 56386898
    [L_ERRORCODE0] => 11452
    [L_SHORTMESSAGE0] => Merchant not enabled for reference transactions
    [L_LONGMESSAGE0] => Merchant not enabled for reference transactions
    [L_SEVERITYCODE0] => Error
)

)

