2022-01-22T22:38:02+00:00 INFO Generating payment form for order 3074. Notify URL: https://www.awakenthenorth.org/wc-api/WC_Gateway_Paypal/
2022-01-22T22:38:02+00:00 INFO PayPal Request Args for order 3074: Array
(
    [cmd] => _cart
    [business] => donations@awakenthenorth.org
    [no_note] => 1
    [currency_code] => USD
    [charset] => utf-8
    [rm] => 2
    [upload] => 1
    [return] => https://www.awakenthenorth.org/checkout/order-received/3074/?key=wc_order_oTMm88zyEs1tz&utm_nooverride=1
    [cancel_return] => https://www.awakenthenorth.org/cart/?cancel_order=true&order=wc_order_oTMm88zyEs1tz&order_id=3074&redirect&_wpnonce=15cb75ca21
    [image_url] => 
    [paymentaction] => sale
    [invoice] => WC-3074
    [custom] => {"order_id":3074,"order_key":"wc_order_oTMm88zyEs1tz"}
    [notify_url] => https://www.awakenthenorth.org/wc-api/WC_Gateway_Paypal/
    [first_name] => ***
    [last_name] => ***
    [address1] => ***
    [address2] => ***
    [city] => ***
    [state] => ***
    [zip] => ***
    [country] => ***
    [email] => ***@***
    [night_phone_a] => ***
    [night_phone_b] => ***
    [night_phone_c] => ***
    [address_override] => 0
    [no_shipping] => 0
    [tax_cart] => 0.00
    [shipping_1] => 8.25
    [item_name_1] => Regnbue Aett - Women's Racerback Tank - Charcoal-Black Triblend, L
    [quantity_1] => 1
    [amount_1] => 24.99
    [item_number_1] => 61EC2F948A300_Charcoal-Black-Triblend-L
    [item_name_2] => Shield Maidens - Women's Racerback Tank - Charcoal-Black Triblend, L
    [quantity_2] => 1
    [amount_2] => 24.99
    [item_number_2] => 61EC2C535FE22_Charcoal-Black-Triblend-L
    [item_name_3] => Women's Racerback Tank - Charcoal-Black Triblend, L
    [quantity_3] => 1
    [amount_3] => 24.99
    [item_number_3] => 61EC2DDB10242_Charcoal-Black-Triblend-L
    [bn] => WooThemes_Cart
)

2022-01-22T22:49:38+00:00 INFO Checking IPN response is valid
2022-01-22T22:49:39+00:00 INFO IPN Response: Array
(
    [headers] => Requests_Utility_CaseInsensitiveDictionary Object
        (
            [data:protected] => Array
                (
                    [cache-control] => max-age=0, no-cache, no-store, must-revalidate
                    [content-encoding] => gzip
                    [content-type] => text/html; charset=UTF-8
                    [paypal-debug-id] => f9749961d23c3
                    [set-cookie] => Array
                        (
                            [0] => cwrClyrK4LoCV1fydGbAxiNL6iG=9TJFrb-oUWuTZLM_D3yQSQxg4-irtiU9nlsGVMTYEDAAsnAEpVb-Hla0b11EVmm9QnNYn1bakOBHi6x6XpjegghmJm2Bg-bbA1nbAzvCOgDcCW2hoog9FPn20X9OBAL3WALfH7oCom4d4Q9KUtfHI6wwIgF27F7Mh77LcYZXfIc-6RPTG6ULNLgKBCHi8bGWuGZjQR7OGpeDpk0hn0ZLxzmr0favqFTDGLIf3ZmavJwtLgnR6-2gwo_0_lc0Wo4k8NN6hWJ8j4oWawZFPvMzNaXRvI8Rv_HuexNEWtnif7l2jtZpmOywXv8ZRsBofNkmYT9c29CDBdx0YkOvxFhPRLHolB9zUq4rZrFO2ITr6xLm9zYFQBtGwCxcjWxdExjBa-f9tEw1kZycj8c4KPvY7XJ_C7-Skx0ryKlrkqwJmEb6hzhBu0sirMMEdli; domain=.paypal.com; path=/; Secure; HttpOnly
                            [1] => cookie_check=yes; expires=Tue, 20-Jan-2032 22:49:39 GMT; domain=.paypal.com; path=/; Secure; HttpOnly
                            [2] => navcmd=_notify-validate; domain=.paypal.com; path=/; Secure; HttpOnly
                            [3] => navlns=0.0; expires=Mon, 22-Jan-2024 22:49:39 GMT; domain=.paypal.com; path=/; Secure; HttpOnly
                            [4] => l7_az=dcg14.slc; Path=/; Domain=paypal.com; Expires=Sat, 22 Jan 2022 23:19:39 GMT; HttpOnly; Secure
                            [5] => ts=vreXpYrS%3D1737586178%26vteXpYrS%3D1642893578%26vr%3D83fb1aae17e0ad04866bbb77ff997c77%26vt%3D83fb1aae17e0ad04866bbb77ff997c76%26vtyp%3Dnew; Path=/; Domain=paypal.com; Expires=Tue, 21 Jan 2025 22:49:39 GMT; HttpOnly; Secure
                            [6] => ts_c=vr%3D83fb1aae17e0ad04866bbb77ff997c77%26vt%3D83fb1aae17e0ad04866bbb77ff997c76; Path=/; Domain=paypal.com; Expires=Tue, 21 Jan 2025 22:49:39 GMT; Secure
                        )

                    [x-frame-options] => SAMEORIGIN
                    [dc] => ccg11-origin-www-1.paypal.com
                    [accept-ranges] => bytes
                    [via] => 1.1 varnish, 1.1 varnish
                    [date] => Sat, 22 Jan 2022 22:49:39 GMT
                    [strict-transport-security] => max-age=63072000; includeSubDomains; preload
                    [x-served-by] => cache-sna10751-LGB, cache-yyz4560-YYZ
                    [x-cache] => MISS, MISS
                    [x-cache-hits] => 0, 0
                    [x-timer] => S1642891779.670628,VS0,VE895
                    [vary] => Accept-Encoding
                    [server-timing] => content-encoding;desc="gzip",x-cdn;desc="fastly"
                )

        )

    [body] => VERIFIED
    [response] => Array
        (
            [code] => 200
            [message] => OK
        )

    [cookies] => Array
        (
            [0] => WP_Http_Cookie Object
                (
                    [name] => cwrClyrK4LoCV1fydGbAxiNL6iG
                    [value] => 9TJFrb-oUWuTZLM_D3yQSQxg4-irtiU9nlsGVMTYEDAAsnAEpVb-Hla0b11EVmm9QnNYn1bakOBHi6x6XpjegghmJm2Bg-bbA1nbAzvCOgDcCW2hoog9FPn20X9OBAL3WALfH7oCom4d4Q9KUtfHI6wwIgF27F7Mh77LcYZXfIc-6RPTG6ULNLgKBCHi8bGWuGZjQR7OGpeDpk0hn0ZLxzmr0favqFTDGLIf3ZmavJwtLgnR6-2gwo_0_lc0Wo4k8NN6hWJ8j4oWawZFPvMzNaXRvI8Rv_HuexNEWtnif7l2jtZpmOywXv8ZRsBofNkmYT9c29CDBdx0YkOvxFhPRLHolB9zUq4rZrFO2ITr6xLm9zYFQBtGwCxcjWxdExjBa-f9tEw1kZycj8c4KPvY7XJ_C7-Skx0ryKlrkqwJmEb6hzhBu0sirMMEdli
                    [expires] => 
                    [path] => /
                    [domain] => paypal.com
                    [host_only] => 
                )

            [1] => WP_Http_Cookie Object
                (
                    [name] => cookie_check
                    [value] => yes
                    [expires] => 1958251779
                    [path] => /
                    [domain] => paypal.com
                    [host_only] => 
                )

            [2] => WP_Http_Cookie Object
                (
                    [name] => navcmd
                    [value] => _notify-validate
                    [expires] => 
                    [path] => /
                    [domain] => paypal.com
                    [host_only] => 
                )

            [3] => WP_Http_Cookie Object
                (
                    [name] => navlns
                    [value] => 0.0
                    [expires] => 1705963779
                    [path] => /
                    [domain] => paypal.com
                    [host_only] => 
                )

            [4] => WP_Http_Cookie Object
                (
                    [name] => l7_az
                    [value] => dcg14.slc
                    [expires] => 1642893579
                    [path] => /
                    [domain] => paypal.com
                    [host_only] => 
                )

            [5] => WP_Http_Cookie Object
                (
                    [name] => ts
                    [value] => vreXpYrS=1737586178&vteXpYrS=1642893578&vr=83fb1aae17e0ad04866bbb77ff997c77&vt=83fb1aae17e0ad04866bbb77ff997c76&vtyp=new
                    [expires] => 1737499779
                    [path] => /
                    [domain] => paypal.com
                    [host_only] => 
                )

            [6] => WP_Http_Cookie Object
                (
                    [name] => ts_c
                    [value] => vr=83fb1aae17e0ad04866bbb77ff997c77&vt=83fb1aae17e0ad04866bbb77ff997c76
                    [expires] => 1737499779
                    [path] => /
                    [domain] => paypal.com
                    [host_only] => 
                )

        )

    [filename] => 
    [http_response] => WP_HTTP_Requests_Response Object
        (
            [response:protected] => Requests_Response Object
                (
                    [body] => VERIFIED
                    [raw] => HTTP/1.1 200 OK
Connection: close
Cache-Control: max-age=0, no-cache, no-store, must-revalidate
Content-Encoding: gzip
Content-Type: text/html; charset=UTF-8
Paypal-Debug-Id: f9749961d23c3
Set-Cookie: cwrClyrK4LoCV1fydGbAxiNL6iG=9TJFrb-oUWuTZLM_D3yQSQxg4-irtiU9nlsGVMTYEDAAsnAEpVb-Hla0b11EVmm9QnNYn1bakOBHi6x6XpjegghmJm2Bg-bbA1nbAzvCOgDcCW2hoog9FPn20X9OBAL3WALfH7oCom4d4Q9KUtfHI6wwIgF27F7Mh77LcYZXfIc-6RPTG6ULNLgKBCHi8bGWuGZjQR7OGpeDpk0hn0ZLxzmr0favqFTDGLIf3ZmavJwtLgnR6-2gwo_0_lc0Wo4k8NN6hWJ8j4oWawZFPvMzNaXRvI8Rv_HuexNEWtnif7l2jtZpmOywXv8ZRsBofNkmYT9c29CDBdx0YkOvxFhPRLHolB9zUq4rZrFO2ITr6xLm9zYFQBtGwCxcjWxdExjBa-f9tEw1kZycj8c4KPvY7XJ_C7-Skx0ryKlrkqwJmEb6hzhBu0sirMMEdli; domain=.paypal.com; path=/; Secure; HttpOnly
Set-Cookie: cookie_check=yes; expires=Tue, 20-Jan-2032 22:49:39 GMT; domain=.paypal.com; path=/; Secure; HttpOnly
Set-Cookie: navcmd=_notify-validate; domain=.paypal.com; path=/; Secure; HttpOnly
Set-Cookie: navlns=0.0; expires=Mon, 22-Jan-2024 22:49:39 GMT; domain=.paypal.com; path=/; Secure; HttpOnly
Set-Cookie: l7_az=dcg14.slc; Path=/; Domain=paypal.com; Expires=Sat, 22 Jan 2022 23:19:39 GMT; HttpOnly; Secure
Set-Cookie: ts=vreXpYrS%3D1737586178%26vteXpYrS%3D1642893578%26vr%3D83fb1aae17e0ad04866bbb77ff997c77%26vt%3D83fb1aae17e0ad04866bbb77ff997c76%26vtyp%3Dnew; Path=/; Domain=paypal.com; Expires=Tue, 21 Jan 2025 22:49:39 GMT; HttpOnly; Secure
Set-Cookie: ts_c=vr%3D83fb1aae17e0ad04866bbb77ff997c77%26vt%3D83fb1aae17e0ad04866bbb77ff997c76; Path=/; Domain=paypal.com; Expires=Tue, 21 Jan 2025 22:49:39 GMT; Secure
X-Frame-Options: SAMEORIGIN
DC: ccg11-origin-www-1.paypal.com
Accept-Ranges: bytes
Via: 1.1 varnish, 1.1 varnish
Date: Sat, 22 Jan 2022 22:49:39 GMT
Strict-Transport-Security: max-age=63072000; includeSubDomains; preload
X-Served-By: cache-sna10751-LGB, cache-yyz4560-YYZ
X-Cache: MISS, MISS
X-Cache-Hits: 0, 0
X-Timer: S1642891779.670628,VS0,VE895
Vary: Accept-Encoding
Server-Timing: content-encoding;desc="gzip",x-cdn;desc="fastly"
transfer-encoding: chunked

VERIFIED
                    [headers] => Requests_Response_Headers Object
                        (
                            [data:protected] => Array
                                (
                                    [cache-control] => Array
                                        (
                                            [0] => max-age=0, no-cache, no-store, must-revalidate
                                        )

                                    [content-encoding] => Array
                                        (
                                            [0] => gzip
                                        )

                                    [content-type] => Array
                                        (
                                            [0] => text/html; charset=UTF-8
                                        )

                                    [paypal-debug-id] => Array
                                        (
                                            [0] => f9749961d23c3
                                        )

                                    [set-cookie] => Array
                                        (
                                            [0] => cwrClyrK4LoCV1fydGbAxiNL6iG=9TJFrb-oUWuTZLM_D3yQSQxg4-irtiU9nlsGVMTYEDAAsnAEpVb-Hla0b11EVmm9QnNYn1bakOBHi6x6XpjegghmJm2Bg-bbA1nbAzvCOgDcCW2hoog9FPn20X9OBAL3WALfH7oCom4d4Q9KUtfHI6wwIgF27F7Mh77LcYZXfIc-6RPTG6ULNLgKBCHi8bGWuGZjQR7OGpeDpk0hn0ZLxzmr0favqFTDGLIf3ZmavJwtLgnR6-2gwo_0_lc0Wo4k8NN6hWJ8j4oWawZFPvMzNaXRvI8Rv_HuexNEWtnif7l2jtZpmOywXv8ZRsBofNkmYT9c29CDBdx0YkOvxFhPRLHolB9zUq4rZrFO2ITr6xLm9zYFQBtGwCxcjWxdExjBa-f9tEw1kZycj8c4KPvY7XJ_C7-Skx0ryKlrkqwJmEb6hzhBu0sirMMEdli; domain=.paypal.com; path=/; Secure; HttpOnly
                                            [1] => cookie_check=yes; expires=Tue, 20-Jan-2032 22:49:39 GMT; domain=.paypal.com; path=/; Secure; HttpOnly
                                            [2] => navcmd=_notify-validate; domain=.paypal.com; path=/; Secure; HttpOnly
                                            [3] => navlns=0.0; expires=Mon, 22-Jan-2024 22:49:39 GMT; domain=.paypal.com; path=/; Secure; HttpOnly
                                            [4] => l7_az=dcg14.slc; Path=/; Domain=paypal.com; Expires=Sat, 22 Jan 2022 23:19:39 GMT; HttpOnly; Secure
                                            [5] => ts=vreXpYrS%3D1737586178%26vteXpYrS%3D1642893578%26vr%3D83fb1aae17e0ad04866bbb77ff997c77%26vt%3D83fb1aae17e0ad04866bbb77ff997c76%26vtyp%3Dnew; Path=/; Domain=paypal.com; Expires=Tue, 21 Jan 2025 22:49:39 GMT; HttpOnly; Secure
                                            [6] => ts_c=vr%3D83fb1aae17e0ad04866bbb77ff997c77%26vt%3D83fb1aae17e0ad04866bbb77ff997c76; Path=/; Domain=paypal.com; Expires=Tue, 21 Jan 2025 22:49:39 GMT; Secure
                                        )

                                    [x-frame-options] => Array
                                        (
                                            [0] => SAMEORIGIN
                                        )

                                    [dc] => Array
                                        (
                                            [0] => ccg11-origin-www-1.paypal.com
                                        )

                                    [accept-ranges] => Array
                                        (
                                            [0] => bytes
                                        )

                                    [via] => Array
                                        (
                                            [0] => 1.1 varnish, 1.1 varnish
                                        )

                                    [date] => Array
                                        (
                                            [0] => Sat, 22 Jan 2022 22:49:39 GMT
                                        )

                                    [strict-transport-security] => Array
                                        (
                                            [0] => max-age=63072000; includeSubDomains; preload
                                        )

                                    [x-served-by] => Array
                                        (
                                            [0] => cache-sna10751-LGB, cache-yyz4560-YYZ
                                        )

                                    [x-cache] => Array
                                        (
                                            [0] => MISS, MISS
                                        )

                                    [x-cache-hits] => Array
                                        (
                                            [0] => 0, 0
                                        )

                                    [x-timer] => Array
                                        (
                                            [0] => S1642891779.670628,VS0,VE895
                                        )

                                    [vary] => Array
                                        (
                                            [0] => Accept-Encoding
                                        )

                                    [server-timing] => Array
                                        (
                                            [0] => content-encoding;desc="gzip",x-cdn;desc="fastly"
                                        )

                                )

                        )

                    [status_code] => 200
                    [protocol_version] => 1.1
                    [success] => 1
                    [redirects] => 0
                    [url] => https://www.paypal.com/cgi-bin/webscr
                    [history] => Array
                        (
                        )

                    [cookies] => Requests_Cookie_Jar Object
                        (
                            [cookies:protected] => Array
                                (
                                    [cwrClyrK4LoCV1fydGbAxiNL6iG] => Requests_Cookie Object
                                        (
                                            [name] => cwrClyrK4LoCV1fydGbAxiNL6iG
                                            [value] => 9TJFrb-oUWuTZLM_D3yQSQxg4-irtiU9nlsGVMTYEDAAsnAEpVb-Hla0b11EVmm9QnNYn1bakOBHi6x6XpjegghmJm2Bg-bbA1nbAzvCOgDcCW2hoog9FPn20X9OBAL3WALfH7oCom4d4Q9KUtfHI6wwIgF27F7Mh77LcYZXfIc-6RPTG6ULNLgKBCHi8bGWuGZjQR7OGpeDpk0hn0ZLxzmr0favqFTDGLIf3ZmavJwtLgnR6-2gwo_0_lc0Wo4k8NN6hWJ8j4oWawZFPvMzNaXRvI8Rv_HuexNEWtnif7l2jtZpmOywXv8ZRsBofNkmYT9c29CDBdx0YkOvxFhPRLHolB9zUq4rZrFO2ITr6xLm9zYFQBtGwCxcjWxdExjBa-f9tEw1kZycj8c4KPvY7XJ_C7-Skx0ryKlrkqwJmEb6hzhBu0sirMMEdli
                                            [attributes] => Requests_Utility_CaseInsensitiveDictionary Object
                                                (
                                                    [data:protected] => Array
                                                        (
                                                            [domain] => paypal.com
                                                            [path] => /
                                                            [secure] => 1
                                                            [httponly] => 1
                                                        )

                                                )

                                            [flags] => Array
                                                (
                                                    [creation] => 1642891779
                                                    [last-access] => 1642891779
                                                    [persistent] => 
                                                    [host-only] => 
                                                )

                                            [reference_time] => 1642891779
                                        )

                                    [cookie_check] => Requests_Cookie Object
                                        (
                                            [name] => cookie_check
                                            [value] => yes
                                            [attributes] => Requests_Utility_CaseInsensitiveDictionary Object
                                                (
                                                    [data:protected] => Array
                                                        (
                                                            [expires] => 1958251779
                                                            [domain] => paypal.com
                                                            [path] => /
                                                            [secure] => 1
                                                            [httponly] => 1
                                                        )

                                                )

                                            [flags] => Array
                                                (
                                                    [creation] => 1642891779
                                                    [last-access] => 1642891779
                                                    [persistent] => 
                                                    [host-only] => 
                                                )

                                            [reference_time] => 1642891779
                                        )

                                    [navcmd] => Requests_Cookie Object
                                        (
                                            [name] => navcmd
                                            [value] => _notify-validate
                                            [attributes] => Requests_Utility_CaseInsensitiveDictionary Object
                                                (
                                                    [data:protected] => Array
                                                        (
                                                            [domain] => paypal.com
                                                            [path] => /
                                                            [secure] => 1
                                                            [httponly] => 1
                                                        )

                                                )

                                            [flags] => Array
                                                (
                                                    [creation] => 1642891779
                                                    [last-access] => 1642891779
                                                    [persistent] => 
                                                    [host-only] => 
                                                )

                                            [reference_time] => 1642891779
                                        )

                                    [navlns] => Requests_Cookie Object
                                        (
                                            [name] => navlns
                                            [value] => 0.0
                                            [attributes] => Requests_Utility_CaseInsensitiveDictionary Object
                                                (
                                                    [data:protected] => Array
                                                        (
                                                            [expires] => 1705963779
                                                            [domain] => paypal.com
                                                            [path] => /
                                                            [secure] => 1
                                                            [httponly] => 1
                                                        )

                                                )

                                            [flags] => Array
                                                (
                                                    [creation] => 1642891779
                                                    [last-access] => 1642891779
                                                    [persistent] => 
                                                    [host-only] => 
                                                )

                                            [reference_time] => 1642891779
                                        )

                                    [l7_az] => Requests_Cookie Object
                                        (
                                            [name] => l7_az
                                            [value] => dcg14.slc
                                            [attributes] => Requests_Utility_CaseInsensitiveDictionary Object
                                                (
                                                    [data:protected] => Array
                                                        (
                                                            [path] => /
                                                            [domain] => paypal.com
                                                            [expires] => 1642893579
                                                            [httponly] => 1
                                                            [secure] => 1
                                                        )

                                                )

                                            [flags] => Array
                                                (
                                                    [creation] => 1642891779
                                                    [last-access] => 1642891779
                                                    [persistent] => 
                                                    [host-only] => 
                                                )

                                            [reference_time] => 1642891779
                                        )

                                    [ts] => Requests_Cookie Object
                                        (
                                            [name] => ts
                                            [value] => vreXpYrS%3D1737586178%26vteXpYrS%3D1642893578%26vr%3D83fb1aae17e0ad04866bbb77ff997c77%26vt%3D83fb1aae17e0ad04866bbb77ff997c76%26vtyp%3Dnew
                                            [attributes] => Requests_Utility_CaseInsensitiveDictionary Object
                                                (
                                                    [data:protected] => Array
                                                        (
                                                            [path] => /
                                                            [domain] => paypal.com
                                                            [expires] => 1737499779
                                                            [httponly] => 1
                                                            [secure] => 1
                                                        )

                                                )

                                            [flags] => Array
                                                (
                                                    [creation] => 1642891779
                                                    [last-access] => 1642891779
                                                    [persistent] => 
                                                    [host-only] => 
                                                )

                                            [reference_time] => 1642891779
                                        )

                                    [ts_c] => Requests_Cookie Object
                                        (
                                            [name] => ts_c
                                            [value] => vr%3D83fb1aae17e0ad04866bbb77ff997c77%26vt%3D83fb1aae17e0ad04866bbb77ff997c76
                                            [attributes] => Requests_Utility_CaseInsensitiveDictionary Object
                                                (
                                                    [data:protected] => Array
                                                        (
                                                            [path] => /
                                                            [domain] => paypal.com
                                                            [expires] => 1737499779
                                                            [secure] => 1
                                                        )

                                                )

                                            [flags] => Array
                                                (
                                                    [creation] => 1642891779
                                                    [last-access] => 1642891779
                                                    [persistent] => 
                                                    [host-only] => 
                                                )

                                            [reference_time] => 1642891779
                                        )

                                )

                        )

                )

            [filename:protected] => 
            [data] => 
            [headers] => 
            [status] => 
        )

)

2022-01-22T22:49:39+00:00 INFO Received valid response from PayPal IPN
2022-01-22T22:49:39+00:00 INFO Found order #3074
2022-01-22T22:49:39+00:00 INFO Payment status: completed
2022-01-22T22:49:41+00:00 INFO Found order #3074
2022-01-22T22:49:41+00:00 INFO Payment status: completed
2022-01-22T22:49:41+00:00 INFO Aborting, Order #3074 is already complete.
