01-21-2022 @ 17:22:17 - 3.1.0 - No subscription webhooks found using API version 3. No updates needed.
01-21-2022 @ 17:22:17 - 3.1.6 upgrade complete from Subscriptions v0 while WooCommerce WC_VERSION 5.7.1 and database version 5.7.1 was active.
01-21-2022 @ 17:22:17 - Environment info:
01-21-2022 @ 17:22:17 -     WordPress Version : 5.8.3
01-21-2022 @ 17:22:17 - Active Plugins:
01-21-2022 @ 17:22:17 -     Content Control by Code Atlantic – 1.1.9
01-21-2022 @ 17:22:17 -     Creative Mail by Constant Contact by Constant Contact – 1.4.9
01-21-2022 @ 17:22:17 -     Download Manager by W3 Eden, Inc. – 3.2.34
01-21-2022 @ 17:22:17 -     Elementor Pro by Elementor.com – 3.4.1
01-21-2022 @ 17:22:17 -     Elementor by Elementor.com – 3.4.4
01-21-2022 @ 17:22:17 -     Email Subscribers & Newsletters by Icegram – 5.1.0
01-21-2022 @ 17:22:17 -     Float To Top Button by Rolf van Gelder – 2.3.6
01-21-2022 @ 17:22:17 -     Formidable Forms by Strategy11 – 5.0.07
01-21-2022 @ 17:22:17 -     Jetpack by Automattic – 10.2
01-21-2022 @ 17:22:17 -     My Calendar by Joseph C Dolson – 3.2.17
01-21-2022 @ 17:22:17 -     Pages with category and tag by YAHMAN – 0.9.0
01-21-2022 @ 17:22:17 -     Printful Integration for WooCommerce by Printful – 2.1.29
01-21-2022 @ 17:22:17 -     Open Graph and Twitter Card Tags by Webdados – 3.1.1
01-21-2022 @ 17:22:17 -     WooCommerce Payments by Automattic – 3.6.0
01-21-2022 @ 17:22:17 -     WooCommerce Shipping & Tax by WooCommerce – 1.25.20
01-21-2022 @ 17:22:17 -     WooCommerce USPS Shipping by WooCommerce – 4.4.49
01-21-2022 @ 17:22:17 -     WooCommerce by Automattic – 5.7.1
01-21-2022 @ 17:22:17 -     WordPress Importer by wordpressdotorg – 0.7
